This is pdfTeX, Version 3.141592653-2.6-1.40.25 (TeX Live 2023/Debian) (preloaded format=pdflatex 2025.8.14)  23 NOV 2025 08:18
entering extended mode
 restricted \write18 enabled.
 %&-line parsing enabled.
**refman
(./refman.tex
LaTeX2e <2023-11-01> patch level 1
L3 programming layer <2024-01-22>
(/usr/share/texlive/texmf-dist/tex/latex/base/book.cls
Document Class: book 2023/05/17 v1.4n Standard LaTeX document class
(/usr/share/texlive/texmf-dist/tex/latex/base/bk10.clo
File: bk10.clo 2023/05/17 v1.4n Standard LaTeX file (size option)
)
\c@part=\count187
\c@chapter=\count188
\c@section=\count189
\c@subsection=\count190
\c@subsubsection=\count191
\c@paragraph=\count192
\c@subparagraph=\count193
\c@figure=\count194
\c@table=\count195
\abovecaptionskip=\skip48
\belowcaptionskip=\skip49
\bibindent=\dimen140
)
(/usr/share/texlive/texmf-dist/tex/latex/base/ifthen.sty
Package: ifthen 2022/04/13 v1.1d Standard LaTeX ifthen package (DPC)
)
(/usr/share/texlive/texmf-dist/tex/latex/tools/array.sty
Rollback for package 'array' requested -> date 2016-10-06.
         Best approximation is the release introduced on 2016-10-06.

(/usr/share/texlive/texmf-dist/tex/latex/tools/array-2016-10-06.sty
Package: array 2016/10/06 v2.4d Tabular extension package (FMi)
\col@sep=\dimen141
\extrarowheight=\dimen142
\NC@list=\toks17
\extratabsurround=\skip50
\backup@length=\skip51
))
(/usr/share/texlive/texmf-dist/tex/generic/infwarerr/infwarerr.sty
package info suppressed
)
(./doxygen.sty
Package: doxygen 
 (/usr/share/texlive/texmf-dist/tex/latex/base/alltt.sty
Package: alltt 2021/01/29 v2.0g defines alltt environment
)
(/usr/share/texlive/texmf-dist/tex/latex/tools/calc.sty
Package: calc 2023/07/08 v4.3 Infix arithmetic (KKT,FJ)
\calc@Acount=\count196
\calc@Bcount=\count197
\calc@Adimen=\dimen143
\calc@Bdimen=\dimen144
\calc@Askip=\skip52
\calc@Bskip=\skip53
LaTeX Info: Redefining \setlength on input line 80.
LaTeX Info: Redefining \addtolength on input line 81.
\calc@Ccount=\count198
\calc@Cskip=\skip54
)
(/usr/share/texlive/texmf-dist/tex/latex/float/float.sty
Package: float 2001/11/08 v1.3d Float enhancements (AL)
\c@float@type=\count199
\float@exts=\toks18
\float@box=\box51
\@float@everytoks=\toks19
\@floatcapt=\box52
)
(/usr/share/texlive/texmf-dist/tex/latex/tools/verbatim.sty
Package: verbatim 2023-11-06 v1.5v LaTeX2e package for verbatim enhancements
\every@verbatim=\toks20
\verbatim@line=\toks21
\verbatim@in@stream=\read2
)
(/usr/share/texlive/texmf-dist/tex/latex/xcolor/xcolor.sty
Package: xcolor 2023/11/15 v3.01 LaTeX color extensions (UK)

(/usr/share/texlive/texmf-dist/tex/latex/graphics-cfg/color.cfg
File: color.cfg 2016/01/02 v1.6 sample color configuration
)
Package xcolor Info: Driver file: pdftex.def on input line 274.

(/usr/share/texlive/texmf-dist/tex/latex/graphics-def/pdftex.def
File: pdftex.def 2022/09/22 v1.2b Graphics/color driver for pdftex
)
(/usr/share/texlive/texmf-dist/tex/latex/graphics/mathcolor.ltx)
Package xcolor Info: Model `cmy' substituted by `cmy0' on input line 1350.
Package xcolor Info: Model `hsb' substituted by `rgb' on input line 1354.
Package xcolor Info: Model `RGB' extended on input line 1366.
Package xcolor Info: Model `HTML' substituted by `rgb' on input line 1368.
Package xcolor Info: Model `Hsb' substituted by `hsb' on input line 1369.
Package xcolor Info: Model `tHsb' substituted by `hsb' on input line 1370.
Package xcolor Info: Model `HSB' substituted by `hsb' on input line 1371.
Package xcolor Info: Model `Gray' substituted by `gray' on input line 1372.
Package xcolor Info: Model `wave' substituted by `hsb' on input line 1373.
)
(/usr/share/texlive/texmf-dist/tex/latex/colortbl/colortbl.sty
Package: colortbl 2022/06/20 v1.0f Color table columns (DPC)
\everycr=\toks22
\minrowclearance=\skip55
\rownum=\count266
)
(./longtable_doxygen.sty
Package: longtable_doxygen 2014/10/28 v4.11 Multi-page Table package (DPC) - fr
ozen version for doxygen
\LTleft=\skip56
\LTright=\skip57
\LTpre=\skip58
\LTpost=\skip59
\LTchunksize=\count267
\LTcapwidth=\dimen145
\LT@head=\box53
\LT@firsthead=\box54
\LT@foot=\box55
\LT@lastfoot=\box56
\LT@cols=\count268
\LT@rows=\count269
\c@LT@tables=\count270
\c@LT@chunks=\count271
\LT@p@ftn=\toks23
) (./tabu_doxygen.sty
Package: tabu_doxygen 2011/02/26 v2.8 - flexible LaTeX tabulars (FC), frozen ve
rsion for doxygen

(/usr/share/texlive/texmf-dist/tex/latex/varwidth/varwidth.sty
Package: varwidth 2009/03/30 ver 0.92;  Variable-width minipages
\@vwid@box=\box57
\sift@deathcycles=\count272
\@vwid@loff=\dimen146
\@vwid@roff=\dimen147
)
\c@taburow=\count273
\tabu@nbcols=\count274
\tabu@cnt=\count275
\tabu@Xcol=\count276
\tabu@alloc=\count277
\tabu@nested=\count278
\tabu@target=\dimen148
\tabu@spreadtarget=\dimen149
\tabu@naturalX=\dimen150
\tabucolX=\dimen151
\tabu@Xsum=\dimen152
\extrarowdepth=\dimen153
\abovetabulinesep=\dimen154
\belowtabulinesep=\dimen155
\tabustrutrule=\dimen156
\tabu@thebody=\toks24
\tabu@footnotes=\toks25
\tabu@box=\box58
\tabu@arstrutbox=\box59
\tabu@hleads=\box60
\tabu@vleads=\box61
\tabu@cellskip=\skip60
)
(/usr/share/texlive/texmf-dist/tex/latex/fancyvrb/fancyvrb.sty
Package: fancyvrb 2024/01/20 4.5c verbatim text (tvz,hv)

(/usr/share/texlive/texmf-dist/tex/latex/graphics/keyval.sty
Package: keyval 2022/05/29 v1.15 key=value parser (DPC)
\KV@toks@=\toks26
)
\FV@CodeLineNo=\count279
\FV@InFile=\read3
\FV@TabBox=\box62
\c@FancyVerbLine=\count280
\FV@StepNumber=\count281
\FV@OutFile=\write3
)
(/usr/share/texlive/texmf-dist/tex/latex/tools/tabularx.sty
Package: tabularx 2023/07/08 v2.11c `tabularx' package (DPC)
\TX@col@width=\dimen157
\TX@old@table=\dimen158
\TX@old@col=\dimen159
\TX@target=\dimen160
\TX@delta=\dimen161
\TX@cols=\count282
\TX@ftn=\toks27
)
(/usr/share/texlive/texmf-dist/tex/latex/tools/multicol.sty
Package: multicol 2023/03/30 v1.9f multicolumn formatting (FMi)
\c@tracingmulticols=\count283
\mult@box=\box63
\multicol@leftmargin=\dimen162
\c@unbalance=\count284
\c@collectmore=\count285
\doublecol@number=\count286
\multicoltolerance=\count287
\multicolpretolerance=\count288
\full@width=\dimen163
\page@free=\dimen164
\premulticols=\dimen165
\postmulticols=\dimen166
\multicolsep=\skip61
\multicolbaselineskip=\skip62
\partial@page=\box64
\last@line=\box65
\mc@boxedresult=\box66
\maxbalancingoverflow=\dimen167
\mult@rightbox=\box67
\mult@grightbox=\box68
\mult@firstbox=\box69
\mult@gfirstbox=\box70
\@tempa=\box71
\@tempa=\box72
\@tempa=\box73
\@tempa=\box74
\@tempa=\box75
\@tempa=\box76
\@tempa=\box77
\@tempa=\box78
\@tempa=\box79
\@tempa=\box80
\@tempa=\box81
\@tempa=\box82
\@tempa=\box83
\@tempa=\box84
\@tempa=\box85
\@tempa=\box86
\@tempa=\box87
\@tempa=\box88
\@tempa=\box89
\@tempa=\box90
\@tempa=\box91
\@tempa=\box92
\@tempa=\box93
\@tempa=\box94
\@tempa=\box95
\@tempa=\box96
\@tempa=\box97
\@tempa=\box98
\@tempa=\box99
\@tempa=\box100
\@tempa=\box101
\@tempa=\box102
\@tempa=\box103
\@tempa=\box104
\@tempa=\box105
\@tempa=\box106
\c@minrows=\count289
\c@columnbadness=\count290
\c@finalcolumnbadness=\count291
\last@try=\dimen168
\multicolovershoot=\dimen169
\multicolundershoot=\dimen170
\mult@nat@firstbox=\box107
\colbreak@box=\box108
\mc@col@check@num=\count292
)
(/usr/share/texlive/texmf-dist/tex/latex/multirow/multirow.sty
Package: multirow 2021/03/15 v2.8 Span multiple rows of a table
\multirow@colwidth=\skip63
\multirow@cntb=\count293
\multirow@dima=\skip64
\bigstrutjot=\dimen171
)
(/usr/share/texlive/texmf-dist/tex/latex/hanging/hanging.sty
Package: hanging 2009/09/02 v1.2b hanging paragraphs and punctuation
\h@ngcommawd=\skip65
\h@ngfstopwd=\skip66
\h@ngquotewd=\skip67
\h@ngdquotewd=\skip68
\h@ngquerywd=\skip69
\h@ngexclwd=\skip70
\h@ngcolonwd=\skip71
\h@ngscolonwd=\skip72
)
(/usr/share/texlive/texmf-dist/tex/generic/iftex/ifpdf.sty
Package: ifpdf 2019/10/25 v3.4 ifpdf legacy package. Use iftex instead.

(/usr/share/texlive/texmf-dist/tex/generic/iftex/iftex.sty
Package: iftex 2022/02/03 v1.0f TeX engine tests
))
(/usr/share/texlive/texmf-dist/tex/latex/adjustbox/adjustbox.sty
Package: adjustbox 2022/10/17 v1.3a Adjusting TeX boxes (trim, clip, ...)

(/usr/share/texlive/texmf-dist/tex/latex/xkeyval/xkeyval.sty
Package: xkeyval 2022/06/16 v2.9 package option processing (HA)

(/usr/share/texlive/texmf-dist/tex/generic/xkeyval/xkeyval.tex
(/usr/share/texlive/texmf-dist/tex/generic/xkeyval/xkvutils.tex
\XKV@toks=\toks28
\XKV@tempa@toks=\toks29
)
\XKV@depth=\count294
File: xkeyval.tex 2014/12/03 v2.7a key=value parser (HA)
))
(/usr/share/texlive/texmf-dist/tex/latex/adjustbox/adjcalc.sty
Package: adjcalc 2012/05/16 v1.1 Provides advanced setlength with multiple back
-ends (calc, etex, pgfmath)
)
(/usr/share/texlive/texmf-dist/tex/latex/adjustbox/trimclip.sty
Package: trimclip 2020/08/19 v1.2 Trim and clip general TeX material

(/usr/share/texlive/texmf-dist/tex/latex/graphics/graphicx.sty
Package: graphicx 2021/09/16 v1.2d Enhanced LaTeX Graphics (DPC,SPQR)

(/usr/share/texlive/texmf-dist/tex/latex/graphics/graphics.sty
Package: graphics 2022/03/10 v1.4e Standard LaTeX Graphics (DPC,SPQR)

(/usr/share/texlive/texmf-dist/tex/latex/graphics/trig.sty
Package: trig 2021/08/11 v1.11 sin cos tan (DPC)
)
(/usr/share/texlive/texmf-dist/tex/latex/graphics-cfg/graphics.cfg
File: graphics.cfg 2016/06/04 v1.11 sample graphics configuration
)
Package graphics Info: Driver file: pdftex.def on input line 107.
)
\Gin@req@height=\dimen172
\Gin@req@width=\dimen173
)
(/usr/share/texlive/texmf-dist/tex/latex/collectbox/collectbox.sty
Package: collectbox 2022/10/17 v0.4c Collect macro arguments as boxes
\collectedbox=\box109
)
\tc@llx=\dimen174
\tc@lly=\dimen175
\tc@urx=\dimen176
\tc@ury=\dimen177
Package trimclip Info: Using driver 'tc-pdftex.def'.

(/usr/share/texlive/texmf-dist/tex/latex/adjustbox/tc-pdftex.def
File: tc-pdftex.def 2019/01/04 v2.2 Clipping driver for pdftex
))
\adjbox@Width=\dimen178
\adjbox@Height=\dimen179
\adjbox@Depth=\dimen180
\adjbox@Totalheight=\dimen181
\adjbox@pwidth=\dimen182
\adjbox@pheight=\dimen183
\adjbox@pdepth=\dimen184
\adjbox@ptotalheight=\dimen185

(/usr/share/texlive/texmf-dist/tex/latex/ifoddpage/ifoddpage.sty
Package: ifoddpage 2022/10/18 v1.2 Conditionals for odd/even page detection
\c@checkoddpage=\count295
))
(/usr/share/texlive/texmf-dist/tex/latex/amsfonts/amssymb.sty
Package: amssymb 2013/01/14 v3.01 AMS font symbols

(/usr/share/texlive/texmf-dist/tex/latex/amsfonts/amsfonts.sty
Package: amsfonts 2013/01/14 v3.01 Basic AMSFonts support
\@emptytoks=\toks30
\symAMSa=\mathgroup4
\symAMSb=\mathgroup5
LaTeX Font Info:    Redeclaring math symbol \hbar on input line 98.
LaTeX Font Info:    Overwriting math alphabet `\mathfrak' in version `bold'
(Font)                  U/euf/m/n --> U/euf/b/n on input line 106.
))
(/usr/share/texlive/texmf-dist/tex/latex/stackengine/stackengine.sty
Package: stackengine 2021/07/22 v4.11\ Stacking text and objects in convenient 
ways

(/usr/share/texlive/texmf-dist/tex/latex/etoolbox/etoolbox.sty
Package: etoolbox 2020/10/05 v2.5k e-TeX tools for LaTeX (JAW)
\etb@tempcnta=\count296
)
(/usr/share/texlive/texmf-dist/tex/generic/listofitems/listofitems.sty
(/usr/share/texlive/texmf-dist/tex/generic/listofitems/listofitems.tex
\loi_cnt_foreach_nest=\count297
\loi_nestcnt=\count298
)
Package: listofitems 2019/08/21 v1.63 Grab items in lists using user-specified 
sep char (CT)
)
\c@@stackindex=\count299
\@boxshift=\skip73
\stack@tmplength=\skip74
\temp@stkl=\skip75
\@stackedboxwidth=\skip76
\@addedbox=\box110
\@anchorbox=\box111
\@insetbox=\box112
\se@backgroundbox=\box113
\stackedbox=\box114
\@centerbox=\box115
\c@ROWcellindex@=\count300
)
(/usr/share/texlive/texmf-dist/tex/latex/enumitem/enumitem.sty
Package: enumitem 2019/06/20 v3.9 Customized lists
\labelindent=\skip77
\enit@outerparindent=\dimen186
\enit@toks=\toks31
\enit@inbox=\box116
\enit@count@id=\count301
\enitdp@description=\count302
)
(/usr/share/texlive/texmf-dist/tex/generic/alphalph/alphalph.sty
Package: alphalph 2019/12/09 v2.6 Convert numbers to letters (HO)

(/usr/share/texlive/texmf-dist/tex/generic/intcalc/intcalc.sty
Package: intcalc 2019/12/15 v1.3 Expandable calculations with integers (HO)
))
(/usr/share/texlive/texmf-dist/tex/generic/ulem/ulem.sty
\UL@box=\box117
\UL@hyphenbox=\box118
\UL@skip=\skip78
\UL@hook=\toks32
\UL@height=\dimen187
\UL@pe=\count303
\UL@pixel=\dimen188
\ULC@box=\box119
Package: ulem 2019/11/18
\ULdepth=\dimen189
)
\xrefbox=\box120
\xreflength=\skip79
\CodeWidthChar=\skip80
\CodeHeightChar=\skip81
\DoxyCodeWidth=\skip82
\c@DoxyEnumeratei=\count304
\c@DoxyEnumerateii=\count305
\c@DoxyEnumerateiii=\count306
\c@DoxyEnumerateiv=\count307
\c@DoxyEnumeratev=\count308
\c@DoxyEnumeratevi=\count309
\c@DoxyEnumeratevii=\count310
\c@DoxyEnumerateviii=\count311
\c@DoxyEnumerateix=\count312
\c@DoxyEnumeratex=\count313
\c@DoxyEnumeratexi=\count314
\c@DoxyEnumeratexii=\count315
\enitdp@DoxyEnumerate=\count316
\enitdp@DoxyItemize=\count317
\c@subsubsubsection=\count318
\c@subsubsubsubsection=\count319
\c@subsubsubsubsubsection=\count320
\c@subsubsubsubsubsubsection=\count321
)
(/usr/share/texlive/texmf-dist/tex/latex/base/inputenc.sty
Package: inputenc 2021/02/14 v1.3d Input encoding file
\inpenc@prehook=\toks33
\inpenc@posthook=\toks34
)
(/usr/share/texlive/texmf-dist/tex/latex/base/makeidx.sty
Package: makeidx 2021/10/04 v1.0m Standard LaTeX package
)
(/usr/share/texlive/texmf-dist/tex/latex/base/textcomp.sty
Package: textcomp 2020/02/02 v2.0n Standard LaTeX package
)
(/usr/share/texlive/texmf-dist/tex/latex/wasysym/wasysym.sty
Package: wasysym 2020/01/19 v2.4 Wasy-2 symbol support package
\symwasy=\mathgroup6
LaTeX Font Info:    Overwriting symbol font `wasy' in version `bold'
(Font)                  U/wasy/m/n --> U/wasy/b/n on input line 93.
)
(/usr/share/texlive/texmf-dist/tex/generic/iftex/ifxetex.sty
Package: ifxetex 2019/10/25 v0.7 ifxetex legacy package. Use iftex instead.
)
(/usr/share/texlive/texmf-dist/tex/latex/base/fontenc.sty
Package: fontenc 2021/04/29 v2.0v Standard LaTeX package
)
(/usr/share/texlive/texmf-dist/tex/latex/psnfss/helvet.sty
Package: helvet 2020/03/25 PSNFSS-v9.3 (WaS) 
)
(/usr/share/texlive/texmf-dist/tex/latex/psnfss/courier.sty
Package: courier 2020/03/25 PSNFSS-v9.3 (WaS) 
)
(/usr/share/texlive/texmf-dist/tex/latex/geometry/geometry.sty
Package: geometry 2020/01/02 v5.9 Page Geometry

(/usr/share/texlive/texmf-dist/tex/generic/iftex/ifvtex.sty
Package: ifvtex 2019/10/25 v1.7 ifvtex legacy package. Use iftex instead.
)
\Gm@cnth=\count322
\Gm@cntv=\count323
\c@Gm@tempcnt=\count324
\Gm@bindingoffset=\dimen190
\Gm@wd@mp=\dimen191
\Gm@odd@mp=\dimen192
\Gm@even@mp=\dimen193
\Gm@layoutwidth=\dimen194
\Gm@layoutheight=\dimen195
\Gm@layouthoffset=\dimen196
\Gm@layoutvoffset=\dimen197
\Gm@dimlist=\toks35
)
(/usr/share/texlive/texmf-dist/tex/latex/changepage/changepage.sty
Package: changepage 2009/10/20 v1.0c check page and change page layout
\c@cp@cntr=\count325
\cp@tempcnt=\count326
LaTeX Info: Redefining \checkoddpage on input line 59.
)
(/usr/share/texlive/texmf-dist/tex/latex/fancyhdr/fancyhdr.sty
Package: fancyhdr 2022/11/09 v4.1 Extensive control of page headers and footers

\f@nch@headwidth=\skip83
\f@nch@O@elh=\skip84
\f@nch@O@erh=\skip85
\f@nch@O@olh=\skip86
\f@nch@O@orh=\skip87
\f@nch@O@elf=\skip88
\f@nch@O@erf=\skip89
\f@nch@O@olf=\skip90
\f@nch@O@orf=\skip91
)
(/usr/share/texlive/texmf-dist/tex/latex/natbib/natbib.sty
Package: natbib 2010/09/13 8.31b (PWD, AO)
\bibhang=\skip92
\bibsep=\skip93
LaTeX Info: Redefining \cite on input line 694.
\c@NAT@ctr=\count327
)
(/usr/share/texlive/texmf-dist/tex/latex/tocloft/tocloft.sty
Package: tocloft 2017/08/31 v2.3i parameterised ToC, etc., typesetting
Package tocloft Info: The document has chapter divisions on input line 51.
\cftparskip=\skip94
\cftbeforetoctitleskip=\skip95
\cftaftertoctitleskip=\skip96
\cftbeforepartskip=\skip97
\cftpartnumwidth=\skip98
\cftpartindent=\skip99
\cftbeforechapskip=\skip100
\cftchapindent=\skip101
\cftchapnumwidth=\skip102
\cftbeforesecskip=\skip103
\cftsecindent=\skip104
\cftsecnumwidth=\skip105
\cftbeforesubsecskip=\skip106
\cftsubsecindent=\skip107
\cftsubsecnumwidth=\skip108
\cftbeforesubsubsecskip=\skip109
\cftsubsubsecindent=\skip110
\cftsubsubsecnumwidth=\skip111
\cftbeforeparaskip=\skip112
\cftparaindent=\skip113
\cftparanumwidth=\skip114
\cftbeforesubparaskip=\skip115
\cftsubparaindent=\skip116
\cftsubparanumwidth=\skip117
\cftbeforeloftitleskip=\skip118
\cftafterloftitleskip=\skip119
\cftbeforefigskip=\skip120
\cftfigindent=\skip121
\cftfignumwidth=\skip122
\c@lofdepth=\count328
\c@lotdepth=\count329
\cftbeforelottitleskip=\skip123
\cftafterlottitleskip=\skip124
\cftbeforetabskip=\skip125
\cfttabindent=\skip126
\cfttabnumwidth=\skip127
)
\@indexfile=\write4
\openout4 = `refman.idx'.


Writing index file refman.idx
(/usr/share/texlive/texmf-dist/tex/latex/newunicodechar/newunicodechar.sty
Package: newunicodechar 2018/04/08 v1.2 Defining Unicode characters
)
(/usr/share/texlive/texmf-dist/tex/latex/hyperref/hyperref.sty
Package: hyperref 2024-01-20 v7.01h Hypertext links for LaTeX

(/usr/share/texlive/texmf-dist/tex/latex/kvsetkeys/kvsetkeys.sty
Package: kvsetkeys 2022-10-05 v1.19 Key value parser (HO)
)
(/usr/share/texlive/texmf-dist/tex/generic/kvdefinekeys/kvdefinekeys.sty
Package: kvdefinekeys 2019-12-19 v1.6 Define keys (HO)
)
(/usr/share/texlive/texmf-dist/tex/generic/pdfescape/pdfescape.sty
Package: pdfescape 2019/12/09 v1.15 Implements pdfTeX's escape features (HO)

(/usr/share/texlive/texmf-dist/tex/generic/ltxcmds/ltxcmds.sty
Package: ltxcmds 2023-12-04 v1.26 LaTeX kernel commands for general use (HO)
)
(/usr/share/texlive/texmf-dist/tex/generic/pdftexcmds/pdftexcmds.sty
Package: pdftexcmds 2020-06-27 v0.33 Utility functions of pdfTeX for LuaTeX (HO
)
Package pdftexcmds Info: \pdf@primitive is available.
Package pdftexcmds Info: \pdf@ifprimitive is available.
Package pdftexcmds Info: \pdfdraftmode found.
))
(/usr/share/texlive/texmf-dist/tex/latex/hycolor/hycolor.sty
Package: hycolor 2020-01-27 v1.10 Color options for hyperref/bookmark (HO)
)
(/usr/share/texlive/texmf-dist/tex/latex/auxhook/auxhook.sty
Package: auxhook 2019-12-17 v1.6 Hooks for auxiliary files (HO)
)
(/usr/share/texlive/texmf-dist/tex/latex/hyperref/nameref.sty
Package: nameref 2023-11-26 v2.56 Cross-referencing by name of section

(/usr/share/texlive/texmf-dist/tex/latex/refcount/refcount.sty
Package: refcount 2019/12/15 v3.6 Data extraction from label references (HO)
)
(/usr/share/texlive/texmf-dist/tex/generic/gettitlestring/gettitlestring.sty
Package: gettitlestring 2019/12/15 v1.6 Cleanup title references (HO)

(/usr/share/texlive/texmf-dist/tex/latex/kvoptions/kvoptions.sty
Package: kvoptions 2022-06-15 v3.15 Key value format for package options (HO)
))
\c@section@level=\count330
)
\@linkdim=\dimen198
\Hy@linkcounter=\count331
\Hy@pagecounter=\count332

(/usr/share/texlive/texmf-dist/tex/latex/hyperref/pd1enc.def
File: pd1enc.def 2024-01-20 v7.01h Hyperref: PDFDocEncoding definition (HO)
Now handling font encoding PD1 ...
... no UTF-8 mapping file for font encoding PD1
)
\Hy@SavedSpaceFactor=\count333

(/usr/share/texlive/texmf-dist/tex/latex/hyperref/puenc.def
File: puenc.def 2024-01-20 v7.01h Hyperref: PDF Unicode definition (HO)
Now handling font encoding PU ...
... no UTF-8 mapping file for font encoding PU
)
Package hyperref Info: Hyper figures OFF on input line 4179.
Package hyperref Info: Link nesting OFF on input line 4184.
Package hyperref Info: Hyper index ON on input line 4187.
Package hyperref Info: Plain pages OFF on input line 4194.
Package hyperref Info: Backreferencing ON on input line 4197.
Package hyperref Info: Implicit mode ON; LaTeX internals redefined.
Package hyperref Info: Bookmarks ON on input line 4446.

(/usr/share/texlive/texmf-dist/tex/latex/hyperref/backref.sty
Package: backref 2023-11-26 v1.44 Bibliographical back referencing

(/usr/share/texlive/texmf-dist/tex/latex/rerunfilecheck/rerunfilecheck.sty
Package: rerunfilecheck 2022-07-10 v1.10 Rerun checks for auxiliary files (HO)

(/usr/share/texlive/texmf-dist/tex/latex/base/atveryend-ltx.sty
Package: atveryend-ltx 2020/08/19 v1.0a Emulation of the original atveryend pac
kage
with kernel methods
)
(/usr/share/texlive/texmf-dist/tex/generic/uniquecounter/uniquecounter.sty
Package: uniquecounter 2019/12/15 v1.4 Provide unlimited unique counter (HO)

(/usr/share/texlive/texmf-dist/tex/generic/bigintcalc/bigintcalc.sty
Package: bigintcalc 2019/12/15 v1.5 Expandable calculations on big integers (HO
)
))
Package uniquecounter Info: New unique counter `rerunfilecheck' on input line 2
85.
))
\c@Hy@tempcnt=\count334

(/usr/share/texlive/texmf-dist/tex/latex/url/url.sty
\Urlmuskip=\muskip16
Package: url 2013/09/16  ver 3.4  Verb mode for urls, etc.
)
LaTeX Info: Redefining \url on input line 4784.
\XeTeXLinkMargin=\dimen199

(/usr/share/texlive/texmf-dist/tex/generic/bitset/bitset.sty
Package: bitset 2019/12/09 v1.3 Handle bit-vector datatype (HO)
)
\Fld@menulength=\count335
\Field@Width=\dimen256
\Fld@charsize=\dimen257
Package hyperref Info: Hyper figures OFF on input line 6063.
Package hyperref Info: Link nesting OFF on input line 6068.
Package hyperref Info: Hyper index ON on input line 6071.
Package hyperref Info: backreferencing ON on input line 6076.
Package hyperref Info: Link coloring OFF on input line 6083.
Package hyperref Info: Link coloring with OCG OFF on input line 6088.
Package hyperref Info: PDF/A mode OFF on input line 6093.

(/usr/share/texlive/texmf-dist/tex/latex/base/atbegshi-ltx.sty
Package: atbegshi-ltx 2021/01/10 v1.0c Emulation of the original atbegshi
package with kernel methods
)
\Hy@abspage=\count336
\c@Item=\count337
\c@Hfootnote=\count338
)
Package hyperref Info: Driver: hpdftex.

(/usr/share/texlive/texmf-dist/tex/latex/hyperref/hpdftex.def
File: hpdftex.def 2024-01-20 v7.01h Hyperref driver for pdfTeX
\Fld@listcount=\count339
\c@bookmark@seq@number=\count340
\Hy@SectionHShift=\skip128
)
Package hyperref Info: Option `colorlinks' set `true' on input line 161.
Package hyperref Info: Option `unicode' set `true' on input line 161.

(/usr/share/texlive/texmf-dist/tex/latex/caption/caption.sty
Package: caption 2023/08/05 v3.6o Customizing captions (AR)

(/usr/share/texlive/texmf-dist/tex/latex/caption/caption3.sty
Package: caption3 2023/07/31 v2.4d caption3 kernel (AR)
\caption@tempdima=\dimen258
\captionmargin=\dimen259
\caption@leftmargin=\dimen260
\caption@rightmargin=\dimen261
\caption@width=\dimen262
\caption@indent=\dimen263
\caption@parindent=\dimen264
\caption@hangindent=\dimen265
Package caption Info: Standard document class detected.
)
\c@caption@flags=\count341
\c@continuedfloat=\count342
Package caption Info: changepage package is loaded.
\caption@adjustwidth@hsize=\dimen266
\caption@adjustwidth@linewidth=\dimen267
Package caption Info: float package is loaded.
Package caption Info: hyperref package is loaded.
Package caption Info: longtable package is loaded.

(/usr/share/texlive/texmf-dist/tex/latex/caption/ltcaption.sty
Package: ltcaption 2021/01/08 v1.4c longtable captions (AR)
))
(/usr/share/texlive/texmf-dist/tex/latex/etoc/etoc.sty
Package: etoc 2023/10/29 v1.2d Completely customisable TOCs (JFB)
\Etoc@toctoks=\toks36
\c@etoc@tocid=\count343
\etoc@framed@titlebox=\box121
\etoc@framed@contentsbox=\box122
)
LaTeX Font Info:    Trying to load font information for T1+phv on input line 18
3.

(/usr/share/texlive/texmf-dist/tex/latex/psnfss/t1phv.fd
File: t1phv.fd 2020/03/25 scalable font definitions for T1/phv.
)
LaTeX Font Info:    Font shape `T1/phv/m/n' will be
(Font)              scaled to size 8.99994pt on input line 183.

(/usr/share/texlive/texmf-dist/tex/latex/l3backend/l3backend-pdftex.def
File: l3backend-pdftex.def 2024-01-04 L3 backend support: PDF output (pdfTeX)
\l__color_backend_stack_int=\count344
\l__pdf_internal_box=\box123
)
(./refman.aux)
\openout1 = `refman.aux'.

LaTeX Font Info:    Checking defaults for OML/cmm/m/it on input line 183.
LaTeX Font Info:    ... okay on input line 183.
LaTeX Font Info:    Checking defaults for OMS/cmsy/m/n on input line 183.
LaTeX Font Info:    ... okay on input line 183.
LaTeX Font Info:    Checking defaults for OT1/cmr/m/n on input line 183.
LaTeX Font Info:    ... okay on input line 183.
LaTeX Font Info:    Checking defaults for T1/cmr/m/n on input line 183.
LaTeX Font Info:    ... okay on input line 183.
LaTeX Font Info:    Checking defaults for TS1/cmr/m/n on input line 183.
LaTeX Font Info:    ... okay on input line 183.
LaTeX Font Info:    Checking defaults for OMX/cmex/m/n on input line 183.
LaTeX Font Info:    ... okay on input line 183.
LaTeX Font Info:    Checking defaults for U/cmr/m/n on input line 183.
LaTeX Font Info:    ... okay on input line 183.
LaTeX Font Info:    Checking defaults for PD1/pdf/m/n on input line 183.
LaTeX Font Info:    ... okay on input line 183.
LaTeX Font Info:    Checking defaults for PU/pdf/m/n on input line 183.
LaTeX Font Info:    ... okay on input line 183.

(/usr/share/texlive/texmf-dist/tex/context/base/mkii/supp-pdf.mkii
[Loading MPS to PDF converter (version 2006.09.02).]
\scratchcounter=\count345
\scratchdimen=\dimen268
\scratchbox=\box124
\nofMPsegments=\count346
\nofMParguments=\count347
\everyMPshowfont=\toks37
\MPscratchCnt=\count348
\MPscratchDim=\dimen269
\MPnumerator=\count349
\makeMPintoPDFobject=\count350
\everyMPtoPDFconversion=\toks38
) (/usr/share/texlive/texmf-dist/tex/latex/epstopdf-pkg/epstopdf-base.sty
Package: epstopdf-base 2020-01-24 v2.11 Base part for package epstopdf
Package epstopdf-base Info: Redefining graphics rule for `.eps' on input line 4
85.

(/usr/share/texlive/texmf-dist/tex/latex/latexconfig/epstopdf-sys.cfg
File: epstopdf-sys.cfg 2010/07/13 v1.3 Configuration of (r)epstopdf for TeX Liv
e
))
*geometry* driver: auto-detecting
*geometry* detected driver: pdftex
*geometry* verbose mode - [ preamble ] result:
* driver: pdftex
* paper: a4paper
* layout: <same size as paper>
* layoutoffset:(h,v)=(0.0pt,0.0pt)
* modes: twoside 
* h-part:(L,W,R)=(71.13188pt, 455.24411pt, 71.13188pt)
* v-part:(T,H,B)=(71.13188pt, 702.78308pt, 71.13188pt)
* \paperwidth=597.50787pt
* \paperheight=845.04684pt
* \textwidth=455.24411pt
* \textheight=702.78308pt
* \oddsidemargin=-1.1381pt
* \evensidemargin=-1.1381pt
* \topmargin=-31.2056pt
* \headheight=12.0pt
* \headsep=18.06749pt
* \topskip=10.0pt
* \footskip=25.29494pt
* \marginparwidth=125.0pt
* \marginparsep=7.0pt
* \columnsep=10.0pt
* \skip\footins=9.0pt plus 4.0pt minus 2.0pt
* \hoffset=0.0pt
* \voffset=0.0pt
* \mag=1000
* \@twocolumnfalse
* \@twosidetrue
* \@mparswitchtrue
* \@reversemarginfalse
* (1in=72.27pt=25.4mm, 1cm=28.453pt)

Package backref Info: ** backref set up for natbib ** on input line 183.
Package hyperref Info: Link coloring ON on input line 183.
(./refman.out) (./refman.out)
\@outlinefile=\write5
\openout5 = `refman.out'.

Package caption Info: Begin \AtBeginDocument code.
Package caption Info: End \AtBeginDocument code.
\Etoc@tf=\read4
Package hyperref Info: Option `pageanchor' set `false' on input line 191.
Package hyperref Info: Option `bookmarksnumbered' set `true' on input line 191.

Package hyperref Info: Option `unicode' set `true' on input line 191.
LaTeX Font Info:    Font shape `T1/phv/m/n' will be
(Font)              scaled to size 12.9599pt on input line 196.
LaTeX Font Info:    Font shape `T1/phv/m/n' will be
(Font)              scaled to size 10.79993pt on input line 198.
 [1


{/var/lib/texmf/fonts/map/pdftex/updmap/pdftex.map}{/usr/share/texlive/texmf-di
st/fonts/enc/dvips/base/8r.enc}] [2

]
\tf@toc=\write6
\openout6 = `refman.toc'.

LaTeX Font Info:    Font shape `T1/phv/b/n' will be
(Font)              scaled to size 8.99994pt on input line 204.
LaTeX Font Info:    Trying to load font information for U+msa on input line 204
.

(/usr/share/texlive/texmf-dist/tex/latex/amsfonts/umsa.fd
File: umsa.fd 2013/01/14 v3.01 AMS symbols A
)
LaTeX Font Info:    Trying to load font information for U+msb on input line 204
.

(/usr/share/texlive/texmf-dist/tex/latex/amsfonts/umsb.fd
File: umsb.fd 2013/01/14 v3.01 AMS symbols B
)
LaTeX Font Info:    Trying to load font information for U+wasy on input line 20
4.

(/usr/share/texlive/texmf-dist/tex/latex/wasysym/uwasy.fd
File: uwasy.fd 2020/01/19 v2.4 Wasy-2 symbol font definitions
)
LaTeX Font Info:    Font shape `T1/phv/m/n' will be
(Font)              scaled to size 6.29996pt on input line 204.
LaTeX Font Info:    Font shape `T1/phv/b/n' will be
(Font)              scaled to size 6.29996pt on input line 204.
 [1] [2] [3] [4]
[5] [6

]
Package hyperref Info: Option `pageanchor' set `true' on input line 207.

Chapter 1.
LaTeX Font Info:    Font shape `T1/phv/m/n' will be
(Font)              scaled to size 18.66588pt on input line 209.
LaTeX Font Info:    Font shape `T1/phv/b/n' will be
(Font)              scaled to size 18.66588pt on input line 209.
LaTeX Font Info:    Font shape `T1/phv/b/n' will be
(Font)              scaled to size 22.39185pt on input line 209.
(./namespaces.tex
LaTeX Font Info:    Font shape `T1/phv/b/n' will be
(Font)              scaled to size 12.9599pt on input line 1.
) [1

] [2

]
Chapter 2.
(./hierarchy.tex) [3] [4

]
Chapter 3.
(./annotated.tex) [5] [6

]
Chapter 4.
(./files.tex) [7] [8

]
Chapter 5.
(./namespaceAgent.tex
LaTeX Font Info:    Trying to load font information for TS1+phv on input line 6
.
 (/usr/share/texlive/texmf-dist/tex/latex/psnfss/ts1phv.fd
File: ts1phv.fd 2020/03/25 scalable font definitions for TS1/phv.
)
LaTeX Font Info:    Font shape `TS1/phv/m/n' will be
(Font)              scaled to size 8.99994pt on input line 6.
LaTeX Font Info:    Font shape `T1/phv/m/n' will be
(Font)              scaled to size 8.09995pt on input line 7.
LaTeX Font Info:    Font shape `T1/phv/m/it' in size <9> not available
(Font)              Font shape `T1/phv/m/sl' tried instead on input line 7.
LaTeX Font Info:    Font shape `T1/phv/m/sl' will be
(Font)              scaled to size 8.09995pt on input line 7.
) (./namespaceAgentPenalty.tex) (./namespaceBaseAgent.tex)
(./namespaceBooting.tex) (./namespacePrinting.tex)
(./namespaceRobotPositionManager.tex [9]
LaTeX Font Info:    Font shape `T1/phv/b/n' will be
(Font)              scaled to size 10.79993pt on input line 15.
LaTeX Font Info:    Font shape `T1/phv/m/n' will be
(Font)              scaled to size 7.19995pt on input line 20.
LaTeX Font Info:    Trying to load font information for T1+pcr on input line 20
.

(/usr/share/texlive/texmf-dist/tex/latex/psnfss/t1pcr.fd
File: t1pcr.fd 2001/06/04 font definitions for T1/pcr.
))
(./namespacerun__full__team.tex) (./namespacerun__player.tex [10])
(./namespaceServerComm.tex) [11] [12

]
Chapter 6.
(./classAgent_1_1Agent.tex <./classAgent_1_1Agent__inherit__graph.pdf>
<classAgent_1_1Agent__inherit__graph.pdf, id=1134, 203.76125pt x 236.885pt>
File: classAgent_1_1Agent__inherit__graph.pdf Graphic file (type pdf)
<use classAgent_1_1Agent__inherit__graph.pdf>
Package pdftex.def Info: classAgent_1_1Agent__inherit__graph.pdf  used on input
 line 14.
(pdftex.def)             Requested size: 203.0pt x 236.00967pt.
 <./classAgent_1_1Agent__coll__graph.pdf>
<classAgent_1_1Agent__coll__graph.pdf, id=1142, 203.76125pt x 236.885pt>
File: classAgent_1_1Agent__coll__graph.pdf Graphic file (type pdf)
<use classAgent_1_1Agent__coll__graph.pdf>
Package pdftex.def Info: classAgent_1_1Agent__coll__graph.pdf  used on input li
ne 23.
(pdftex.def)             Requested size: 203.0pt x 236.00967pt.
 [13]
LaTeX Font Info:    Font shape `T1/pcr/m/it' in size <8> not available
(Font)              Font shape `T1/pcr/m/sl' tried instead on input line 50.
LaTeX Font Info:    Font shape `T1/pcr/m/it' in size <7> not available
(Font)              Font shape `T1/pcr/m/sl' tried instead on input line 50.
 [14]) (./classBaseAgent_1_1BaseAgent.tex <./classBaseAgent_1_1BaseAgent__inher
it__graph.pdf>
<classBaseAgent_1_1BaseAgent__inherit__graph.pdf, id=1180, 206.7725pt x 338.263
75pt>
File: classBaseAgent_1_1BaseAgent__inherit__graph.pdf Graphic file (type pdf)
<use classBaseAgent_1_1BaseAgent__inherit__graph.pdf>
Package pdftex.def Info: classBaseAgent_1_1BaseAgent__inherit__graph.pdf  used 
on input line 14.
(pdftex.def)             Requested size: 206.0pt x 337.00867pt.
 [15] <./classBaseAgent_1_1BaseAgent__coll__graph.pdf>
<classBaseAgent_1_1BaseAgent__coll__graph.pdf, id=1203, 206.7725pt x 338.26375p
t>
File: classBaseAgent_1_1BaseAgent__coll__graph.pdf Graphic file (type pdf)
<use classBaseAgent_1_1BaseAgent__coll__graph.pdf>
Package pdftex.def Info: classBaseAgent_1_1BaseAgent__coll__graph.pdf  used on 
input line 23.
(pdftex.def)             Requested size: 206.0pt x 337.00867pt.
 [16] [17] [18]) (./classBooting_1_1Booting.tex <./classBooting_1_1Booting__col
l__graph.pdf>
<classBooting_1_1Booting__coll__graph.pdf, id=1281, 216.81pt x 211.79124pt>
File: classBooting_1_1Booting__coll__graph.pdf Graphic file (type pdf)
<use classBooting_1_1Booting__coll__graph.pdf>
Package pdftex.def Info: classBooting_1_1Booting__coll__graph.pdf  used on inpu
t line 14.
(pdftex.def)             Requested size: 216.0pt x 211.01189pt.
 [19]
Underfull \hbox (badness 10000) detected at line 83
[][][]
 []

[20]
Underfull \hbox (badness 10000) detected at line 100
[][][]
 []


Underfull \hbox (badness 10000) in paragraph at lines 128--129
\T1/pcr/m/n/8 str Booting.[]Booting.[]CONFIG[]_[][]PATH = Path([]_[][]_[]file[]
_[][]_[]).resolve().parent / "config[]_[]team[]_[]params.[]txt"
 []

) (./classEnvironment.tex <./classEnvironment__coll__graph.pdf>
<classEnvironment__coll__graph.pdf, id=1344, 216.81pt x 155.58125pt>
File: classEnvironment__coll__graph.pdf Graphic file (type pdf)
<use classEnvironment__coll__graph.pdf>
Package pdftex.def Info: classEnvironment__coll__graph.pdf  used on input line 
19.
(pdftex.def)             Requested size: 216.0pt x 155.00873pt.
 [21] [22]
[23]
Underfull \hbox (badness 10000) detected at line 233
[][][]
 []

[24]) (./classPrinting_1_1Printing.tex <./classPrinting_1_1Printing__coll__grap
h.pdf>
<classPrinting_1_1Printing__coll__graph.pdf, id=1474, 279.0425pt x 322.20375pt>

File: classPrinting_1_1Printing__coll__graph.pdf Graphic file (type pdf)
<use classPrinting_1_1Printing__coll__graph.pdf>
Package pdftex.def Info: classPrinting_1_1Printing__coll__graph.pdf  used on in
put line 14.
(pdftex.def)             Requested size: 278.0pt x 321.00826pt.
 [25]
Underfull \hbox (badness 10000) detected at line 62
[][][]
 []

[26] [27]) (./classRobotPositionManager_1_1RobotPositionManager.tex <./classRob
otPositionManager_1_1RobotPositionManager__inherit__graph.pdf>
<classRobotPositionManager_1_1RobotPositionManager__inherit__graph.pdf, id=1543
, 245.91875pt x 840.13875pt>
File: classRobotPositionManager_1_1RobotPositionManager__inherit__graph.pdf Gra
phic file (type pdf)
<use classRobotPositionManager_1_1RobotPositionManager__inherit__graph.pdf>
Package pdftex.def Info: classRobotPositionManager_1_1RobotPositionManager__inh
erit__graph.pdf  used on input line 14.
(pdftex.def)             Requested size: 160.99352pt x 550.0pt.
 [28] <./classRobotPositionManager_1_1RobotPositionManager__coll__graph.pdf>
<classRobotPositionManager_1_1RobotPositionManager__coll__graph.pdf, id=1566, 2
45.91875pt x 840.13875pt>
File: classRobotPositionManager_1_1RobotPositionManager__coll__graph.pdf Graphi
c file (type pdf)
<use classRobotPositionManager_1_1RobotPositionManager__coll__graph.pdf>
Package pdftex.def Info: classRobotPositionManager_1_1RobotPositionManager__col
l__graph.pdf  used on input line 23.
(pdftex.def)             Requested size: 160.99352pt x 550.0pt.
 [29] [30] [31]
Underfull \hbox (badness 10000) detected at line 155
[][][]
 []

[32]
Overfull \hbox (3.9776pt too wide) in paragraph at lines 1--1
[]\T1/phv/m/sl/10 fx[] 
 []


Overfull \hbox (1.97964pt too wide) in paragraph at lines 1--1
\T1/phv/m/sl/10 _[] 
 []


Overfull \hbox (3.9776pt too wide) in paragraph at lines 3--3
[]\T1/phv/m/sl/10 fy[] 
 []


Overfull \hbox (1.97964pt too wide) in paragraph at lines 3--3
\T1/phv/m/sl/10 _[] 
 []


Underfull \hbox (badness 10000) detected at line 179
[][][]
 []

[33]
Underfull \hbox (badness 10000) in paragraph at lines 282--283
\T1/pcr/m/n/8 dict[]str, list[]tuple[][] Robot[]Position[]Manager.[]Robot[]Posi
tion[]Manager.[]get[]_[]config[]_[]positions ( )
 []


Underfull \hbox (badness 10000) detected at line 288
[][][]
 []

[34] [35]
Overfull \hbox (43.9562pt too wide) in paragraph at lines 422--423
\T1/pcr/m/n/8 str Robot[]Position[]Manager.[]Robot[]Position[]Manager.[]CONFIG[
]_[][]POSITION[]_[][]PATH = Path([]_[][]_[]file[]_[][]_[]).resolve().parents[]1
[]
 []

[36] [37]) (./classServerComm_1_1ServerComm.tex <./classServerComm_1_1ServerCom
m__coll__graph.pdf>
<classServerComm_1_1ServerComm__coll__graph.pdf, id=1804, 222.8325pt x 424.5862
4pt>
File: classServerComm_1_1ServerComm__coll__graph.pdf Graphic file (type pdf)
<use classServerComm_1_1ServerComm__coll__graph.pdf>
Package pdftex.def Info: classServerComm_1_1ServerComm__coll__graph.pdf  used o
n input line 14.
(pdftex.def)             Requested size: 222.0pt x 423.00441pt.
 [38] [39] [40] [41] [42]) [43] [44

]
Chapter 7.
(./Agent_8py.tex) (./Agent_8py_source.tex [45]) (./AgentPenalty_8py.tex)
(./AgentPenalty_8py_source.tex) (./BaseAgent_8py.tex)
(./BaseAgent_8py_source.tex [46]) (./ServerComm_8py.tex [47])
(./ServerComm_8py_source.tex [48] [49] [50]) (./debug_8cc.tex <./debug_8cc__inc
l.pdf>
<debug_8cc__incl.pdf, id=2382, 506.89375pt x 220.825pt>
File: debug_8cc__incl.pdf Graphic file (type pdf)
<use debug_8cc__incl.pdf>
Package pdftex.def Info: debug_8cc__incl.pdf  used on input line 9.
(pdftex.def)             Requested size: 350.0pt x 152.47722pt.
 [51]
Underfull \hbox (badness 10000) in paragraph at lines 48--49
\T1/pcr/m/n/8 const char$\OMS/cmsy/m/n/8 ^^C$ \T1/pcr/m/n/8 example = "(time (n
ow 10.[]06))(GS (sl 0) (sr 0) (t 0.[]00) (pm Before[]Kick[]Off))(GYR (n
 []


Underfull \hbox (badness 10000) in paragraph at lines 48--49
\T1/pcr/m/n/8 torso) (rt 0.[]01 -0.[]00 0.[]00))(ACC (n torso) (a -0.[]00 -0.[]
00 0.[]01))(HJ (n hj1) (ax 0.[]00))(HJ (n
 []


Underfull \hbox (badness 10000) in paragraph at lines 48--49
\T1/pcr/m/n/8 hj2) (ax -0.[]00))(See (P (team Robo[]IME) (id 1) (rlowerarm (pol
 0.[]18 -35.[]30 -22.[]17)) (llowerarm
 []


Underfull \hbox (badness 10000) in paragraph at lines 48--49
\T1/pcr/m/n/8 (pol 0.[]18 36.[]49 -21.[]66))) (G2R (pol 30.[]92 -19.[]31 0.[]55
)) (G1R (pol 30.[]30 -15.[]73 0.[]47)) (F1R
 []


Underfull \hbox (badness 10000) in paragraph at lines 48--49
\T1/pcr/m/n/8 (pol 29.[]27 1.[]62 -1.[]01)) (F2R (pol 34.[]87 -33.[]26 -0.[]82)
) (B (pol 16.[]91 -32.[]71 -1.[]64)) (L (pol
 []


Underfull \hbox (badness 10000) in paragraph at lines 48--49
\T1/pcr/m/n/8 23.[]88 -53.[]55 -1.[]53) (pol 14.[]22 3.[]30 -2.[]23)) (L (pol 3
4.[]95 -33.[]18 -0.[]98) (pol 29.[]18 1.[]37 -1.[]
 []


Underfull \hbox (badness 10000) in paragraph at lines 48--49
\T1/pcr/m/n/8 25)) (L (pol 29.[]20 1.[]45 -1.[]09) (pol 1.[]07 59.[]96 -29.[]70
)) (L (pol 34.[]98 -33.[]31 -0.[]90) (pol 22.[]
 []


Underfull \hbox (badness 10000) in paragraph at lines 48--49
\T1/pcr/m/n/8 18 -60.[]01 -1.[]25)) (L (pol 28.[]07 -12.[]48 -0.[]97) (pol 29.[
]94 -23.[]73 -1.[]00)) (L (pol 28.[]07 -12.[]88
 []


Underfull \hbox (badness 10000) in paragraph at lines 48--49
\T1/pcr/m/n/8 -1.[]02) (pol 29.[]83 -11.[]92 -1.[]07)) (L (pol 29.[]99 -23.[]90
 -1.[]00) (pol 31.[]66 -22.[]86 -0.[]96)) (L (pol
 []


Underfull \hbox (badness 10000) in paragraph at lines 48--49
\T1/pcr/m/n/8 18.[]62 -29.[]50 -1.[]68) (pol 17.[]73 -26.[]93 -1.[]76)) (L (pol
 17.[]76 -26.[]80 -1.[]58) (pol 16.[]53 -26.[]
 []


Underfull \hbox (badness 10000) in paragraph at lines 48--49
\T1/pcr/m/n/8 27 -1.[]95)) (L (pol 16.[]52 -26.[]24 -1.[]94) (pol 15.[]44 -28.[
]34 -2.[]03)) (L (pol 15.[]42 -28.[]55 -1.[]86)
 []


Underfull \hbox (badness 10000) in paragraph at lines 48--49
\T1/pcr/m/n/8 (pol 14.[]92 -32.[]55 -1.[]98)) (L (pol 14.[]90 -32.[]54 -2.[]25)
 (pol 15.[]26 -37.[]08 -1.[]89)) (L (pol 15.[]28
 []


Underfull \hbox (badness 10000) in paragraph at lines 48--49
\T1/pcr/m/n/8 -37.[]21 -2.[]06) (pol 16.[]31 -39.[]67 -1.[]78)) (L (pol 16.[]28
 -39.[]55 -1.[]64) (pol 17.[]54 -39.[]17 -1.[]67))
 []


Underfull \hbox (badness 10000) in paragraph at lines 48--49
\T1/pcr/m/n/8 (L (pol 17.[]55 -39.[]31 -1.[]67) (pol 18.[]51 -36.[]89 -1.[]61))
 (L (pol 18.[]55 -36.[]88 -1.[]69) (pol 18.[]
 []


Underfull \hbox (badness 10000) in paragraph at lines 48--49
\T1/pcr/m/n/8 93 -33.[]46 -1.[]78)) (L (pol 18.[]93 -33.[]32 -1.[]51) (pol 18.[
]64 -29.[]59 -1.[]54)))(HJ (n raj1) (ax 0.[]
 []


Underfull \hbox (badness 10000) in paragraph at lines 48--49
\T1/pcr/m/n/8 00))(HJ (n raj2) (ax 0.[]00))(HJ (n raj3) (ax 0.[]00))(HJ (n raj4
) (ax 0.[]00))(HJ (n laj1) (ax 0.[]
 []


Underfull \hbox (badness 10000) in paragraph at lines 48--49
\T1/pcr/m/n/8 00))(HJ (n laj2) (ax -0.[]00))(HJ (n laj3) (ax 0.[]00))(HJ (n laj
4) (ax -0.[]00))(HJ (n rlj1) (ax
 []


Underfull \hbox (badness 10000) in paragraph at lines 48--49
\T1/pcr/m/n/8 0.[]00))(HJ (n rlj2) (ax -0.[]00))(HJ (n rlj3) (ax -0.[]00))(HJ (
n rlj4) (ax -0.[]00))(HJ (n rlj5) (ax
 []


Underfull \hbox (badness 10000) in paragraph at lines 48--49
\T1/pcr/m/n/8 -0.[]00))(HJ (n rlj6) (ax -0.[]00))(HJ (n llj1) (ax 0.[]00))(HJ (
n llj2) (ax 0.[]00))(HJ (n llj3) (ax
 []

[52]
Underfull \hbox (badness 10000) in paragraph at lines 58--59
\T1/pcr/m/n/8 const char$\OMS/cmsy/m/n/8 ^^C$ \T1/pcr/m/n/8 example1 = "(time (
now 104.[]87))(GS (t 0.[]00) (pm Before[]Kick[]Off))(GYR (n torso)(rt
 []


Underfull \hbox (badness 10000) in paragraph at lines 58--59
\T1/pcr/m/n/8 0.[]24 -0.[]05 0.[]02))(ACC (n torso) (a -0.[]01 0.[]05 9.[]80))(
HJ (n hj1)(ax -0.[]00))(HJ (n hj2) (ax
 []


Underfull \hbox (badness 10000) in paragraph at lines 58--59
\T1/pcr/m/n/8 -0.[]00))(See (G2R (pol 20.[]11 -18.[]92 0.[]84))(G1R (pol 19.[]5
3 -13.[]04 0.[]90)) (F1R (pol 19.[]08 4.[]58
 []


Underfull \hbox (badness 10000) in paragraph at lines 58--59
\T1/pcr/m/n/8 -1.[]54)) (F2R (pol 22.[]73 -33.[]49 -1.[]47)) (B (pol 10.[]12 -3
3.[]09 -2.[]94)) (L (pol 15.[]13 -55.[]78 -2.[]
 []


Underfull \hbox (badness 10000) in paragraph at lines 58--59
\T1/pcr/m/n/8 03) (pol 8.[]67 10.[]24 -3.[]34)) (L (pol 22.[]78 -33.[]20 -1.[]2
3)(pol 19.[]05 4.[]32 -1.[]76)) (L (pol 19.[]
 []


Underfull \hbox (badness 10000) in paragraph at lines 58--59
\T1/pcr/m/n/8 08 4.[]57 -1.[]55) (pol 1.[]81 60.[]14 -17.[]11)) (L (pol 22.[]77
 -33.[]23 -1.[]26) (pol 14.[]49 -59.[]60 -1.[]79))
 []


Underfull \hbox (badness 10000) in paragraph at lines 58--59
\T1/pcr/m/n/8 (L (pol 17.[]56 -11.[]77 -1.[]83) (pol 18.[]76 -23.[]38 -1.[]60))
 (L (pol 17.[]58 -11.[]67 -1.[]74) (pol 19.[]
 []


Underfull \hbox (badness 10000) in paragraph at lines 58--59
\T1/pcr/m/n/8 35 -10.[]53 -1.[]53)) (L (pol 18.[]71 -23.[]82 -1.[]97)(pol 20.[]
43 -21.[]36 -1.[]45)) (L (pol 11.[]68 -28.[]
 []


Underfull \hbox (badness 10000) in paragraph at lines 58--59
\T1/pcr/m/n/8 23 -2.[]73) (pol 10.[]93 -23.[]90 -2.[]69)) (L (pol 10.[]91 -24.[
]22 -2.[]95) (pol 9.[]84 -22.[]59 -3.[]02)) (L
 []


Underfull \hbox (badness 10000) in paragraph at lines 58--59
\T1/pcr/m/n/8 (pol 9.[]84 -22.[]64 -3.[]06) (pol 8.[]81 -25.[]74 -3.[]68)) (L (
pol 8.[]83 -25.[]33 -3.[]34) (pol 8.[]35 -32.[]
 []


Underfull \hbox (badness 10000) in paragraph at lines 58--59
\T1/pcr/m/n/8 24 -3.[]68)) (L (pol 8.[]35 -32.[]20 -3.[]64)(pol 8.[]69 -39.[]32
 -3.[]48)) (L (pol 8.[]68 -39.[]59 -3.[]71) (pol
 []


Underfull \hbox (badness 10000) in paragraph at lines 58--59
\T1/pcr/m/n/8 9.[]63 -43.[]18 -3.[]37)) (L (pol 9.[]65 -42.[]85 -3.[]10) (pol 1
0.[]75 -42.[]17 -2.[]80)) (L (pol 10.[]75 -42.[]
 []


Underfull \hbox (badness 10000) in paragraph at lines 58--59
\T1/pcr/m/n/8 28 -2.[]89) (pol 11.[]61 -38.[]36 -2.[]50)) (L (pol 11.[]62 -38.[
]15 -2.[]33) (pol 11.[]94 -33.[]38 -2.[]58)) (L
 []


Underfull \hbox (badness 10000) in paragraph at lines 58--59
\T1/pcr/m/n/8 (pol 11.[]94 -33.[]31 -2.[]52) (pol 11.[]70 -28.[]03 -2.[]56))))(
HJ (n raj1) (ax -0.[]00))(HJ (n raj2) (ax
 []


Underfull \hbox (badness 10000) in paragraph at lines 58--59
\T1/pcr/m/n/8 0.[]00))(HJ (n raj3) (ax 0.[]00))(HJ (n raj4) (ax 0.[]00))(HJ (n 
laj1) (ax -0.[]01))(HJ (n laj2) (ax
 []


Underfull \hbox (badness 10000) in paragraph at lines 58--59
\T1/pcr/m/n/8 0.[]00))(HJ (n laj3) (ax -0.[]00))(HJ (n laj4) (ax -0.[]00))(HJ (
n rlj1) (ax 0.[]01))(HJ (n rlj2) (ax
 []


Underfull \hbox (badness 10000) in paragraph at lines 58--59
\T1/pcr/m/n/8 0.[]00))(HJ (n rlj3) (ax 0.[]01))(HJ (n rlj4) (ax -0.[]00))(HJ (n
 rlj5) (ax 0.[]00))(FRP (n rf) (c
 []


Underfull \hbox (badness 10000) in paragraph at lines 58--59
\T1/pcr/m/n/8 -0.[]02 -0.[]00 -0.[]02) (f -0.[]02 -0.[]17 22.[]52))(HJ (n rlj6)
 (ax -0.[]00))(HJ (n llj1) (ax -0.[]01))(HJ
 []


Underfull \hbox (badness 10000) in paragraph at lines 58--59
\T1/pcr/m/n/8 (n llj2) (ax 0.[]01))(HJ (n llj3) (ax 0.[]00))(HJ (n llj4) (ax -0
.[]00))(HJ (n llj5) (ax 0.[]00))(FRP
 []

) (./debug_8cc_source.tex [53]) (./Environment_8hpp.tex <./Environment_8hpp__in
cl.pdf>
<Environment_8hpp__incl.pdf, id=2482, 506.89375pt x 165.61874pt>
File: Environment_8hpp__incl.pdf Graphic file (type pdf)
<use Environment_8hpp__incl.pdf>
Package pdftex.def Info: Environment_8hpp__incl.pdf  used on input line 13.
(pdftex.def)             Requested size: 350.0pt x 114.35791pt.
 [54] <./Environment_8hpp__dep__incl.pdf>
<Environment_8hpp__dep__incl.pdf, id=2506, 331.2375pt x 176.66pt>
File: Environment_8hpp__dep__incl.pdf Graphic file (type pdf)
<use Environment_8hpp__dep__incl.pdf>
Package pdftex.def Info: Environment_8hpp__dep__incl.pdf  used on input line 20
.
(pdftex.def)             Requested size: 330.0pt x 176.00722pt.
)
(./Environment_8hpp_source.tex [55] [56]) (./module__main_8cpp.tex <./module__m
ain_8cpp__incl.pdf>
<module__main_8cpp__incl.pdf, id=2642, 506.89375pt x 220.825pt>
File: module__main_8cpp__incl.pdf Graphic file (type pdf)
<use module__main_8cpp__incl.pdf>
Package pdftex.def Info: module__main_8cpp__incl.pdf  used on input line 10.
(pdftex.def)             Requested size: 350.0pt x 152.47722pt.
 [57]) (./module__main_8cpp_source.tex)
(./run__full__team_8py.tex [58]) (./run__full__team_8py_source.tex)
(./run__player_8py.tex) (./run__player_8py_source.tex) (./Booting_8py.tex
[59]) (./Booting_8py_source.tex [60] [61] [62]) (./Printing_8py.tex)
(./Printing_8py_source.tex [63] [64]) (./RobotPositionManager_8py.tex [65])
(./RobotPositionManager_8py_source.tex [66] [67] [68] [69] [70]) [71] [72

]
(./refman.ind
LaTeX Font Info:    Font shape `T1/phv/m/n' will be
(Font)              scaled to size 22.39185pt on input line 1.
 [73


] [74] [75] [76

]) (./refman.aux)
 ***********
LaTeX2e <2023-11-01> patch level 1
L3 programming layer <2024-01-22>
 ***********
Package rerunfilecheck Info: File `refman.out' has not changed.
(rerunfilecheck)             Checksum: 8C3A3BD880451A169CDD7E300EBABC6A;35946.
 ) 
Here is how much of TeX's memory you used:
 20411 strings out of 476182
 363540 string characters out of 5795595
 1966975 words of memory out of 5000000
 40158 multiletter control sequences out of 15000+600000
 612413 words of font info for 103 fonts, out of 8000000 for 9000
 14 hyphenation exceptions out of 8191
 101i,16n,117p,2672b,744s stack positions out of 10000i,1000n,20000p,200000b,200000s
</usr/share/texlive/texmf-dist/fonts/type1/public/amsfonts/cm/cmmi10.pfb></us
r/share/texlive/texmf-dist/fonts/type1/public/amsfonts/cm/cmmi7.pfb></usr/share
/texlive/texmf-dist/fonts/type1/public/amsfonts/cm/cmsy10.pfb></usr/share/texli
ve/texmf-dist/fonts/type1/public/amsfonts/cm/cmsy7.pfb></usr/share/texlive/texm
f-dist/fonts/type1/public/amsfonts/cm/cmsy8.pfb></usr/share/texlive/texmf-dist/
fonts/type1/urw/courier/ucrr8a.pfb></usr/share/texlive/texmf-dist/fonts/type1/u
rw/courier/ucrro8a.pfb></usr/share/texlive/texmf-dist/fonts/type1/urw/helvetic/
uhvb8a.pfb></usr/share/texlive/texmf-dist/fonts/type1/urw/helvetic/uhvb8ac.pfb>
</usr/share/texlive/texmf-dist/fonts/type1/urw/helvetic/uhvr8a.pfb></usr/share/
texlive/texmf-dist/fonts/type1/urw/helvetic/uhvro8a.pfb>
Output written on refman.pdf (84 pages, 471939 bytes).
PDF statistics:
 4581 PDF objects out of 5155 (max. 8388607)
 4361 compressed objects within 44 object streams
 1843 named destinations out of 2073 (max. 500000)
 1519 words of extra memory for PDF output out of 10000 (max. 10000000)

