\BOOKMARK [0][-]{chapter.1}{\376\377\0001\000\040\000N\000a\000m\000e\000s\000p\000a\000c\000e\000\040\000I\000n\000d\000e\000x}{}% 1
\BOOKMARK [1][-]{section.1.1}{\376\377\0001\000.\0001\000\040\000N\000a\000m\000e\000s\000p\000a\000c\000e\000\040\000L\000i\000s\000t}{chapter.1}% 2
\BOOKMARK [0][-]{chapter.2}{\376\377\0002\000\040\000H\000i\000e\000r\000a\000r\000c\000h\000i\000c\000a\000l\000\040\000I\000n\000d\000e\000x}{}% 3
\BOOKMARK [1][-]{section.2.1}{\376\377\0002\000.\0001\000\040\000C\000l\000a\000s\000s\000\040\000H\000i\000e\000r\000a\000r\000c\000h\000y}{chapter.2}% 4
\BOOKMARK [0][-]{chapter.3}{\376\377\0003\000\040\000C\000l\000a\000s\000s\000\040\000I\000n\000d\000e\000x}{}% 5
\BOOKMARK [1][-]{section.3.1}{\376\377\0003\000.\0001\000\040\000C\000l\000a\000s\000s\000\040\000L\000i\000s\000t}{chapter.3}% 6
\BOOKMARK [0][-]{chapter.4}{\376\377\0004\000\040\000F\000i\000l\000e\000\040\000I\000n\000d\000e\000x}{}% 7
\BOOKMARK [1][-]{section.4.1}{\376\377\0004\000.\0001\000\040\000F\000i\000l\000e\000\040\000L\000i\000s\000t}{chapter.4}% 8
\BOOKMARK [0][-]{chapter.5}{\376\377\0005\000\040\000N\000a\000m\000e\000s\000p\000a\000c\000e\000\040\000D\000o\000c\000u\000m\000e\000n\000t\000a\000t\000i\000o\000n}{}% 9
\BOOKMARK [1][-]{section.5.1}{\376\377\0005\000.\0001\000\040\000A\000g\000e\000n\000t\000\040\000N\000a\000m\000e\000s\000p\000a\000c\000e\000\040\000R\000e\000f\000e\000r\000e\000n\000c\000e}{chapter.5}% 10
\BOOKMARK [1][-]{section.5.2}{\376\377\0005\000.\0002\000\040\000A\000g\000e\000n\000t\000P\000e\000n\000a\000l\000t\000y\000\040\000N\000a\000m\000e\000s\000p\000a\000c\000e\000\040\000R\000e\000f\000e\000r\000e\000n\000c\000e}{chapter.5}% 11
\BOOKMARK [1][-]{section.5.3}{\376\377\0005\000.\0003\000\040\000B\000a\000s\000e\000A\000g\000e\000n\000t\000\040\000N\000a\000m\000e\000s\000p\000a\000c\000e\000\040\000R\000e\000f\000e\000r\000e\000n\000c\000e}{chapter.5}% 12
\BOOKMARK [1][-]{section.5.4}{\376\377\0005\000.\0004\000\040\000B\000o\000o\000t\000i\000n\000g\000\040\000N\000a\000m\000e\000s\000p\000a\000c\000e\000\040\000R\000e\000f\000e\000r\000e\000n\000c\000e}{chapter.5}% 13
\BOOKMARK [1][-]{section.5.5}{\376\377\0005\000.\0005\000\040\000P\000r\000i\000n\000t\000i\000n\000g\000\040\000N\000a\000m\000e\000s\000p\000a\000c\000e\000\040\000R\000e\000f\000e\000r\000e\000n\000c\000e}{chapter.5}% 14
\BOOKMARK [1][-]{section.5.6}{\376\377\0005\000.\0006\000\040\000R\000o\000b\000o\000t\000P\000o\000s\000i\000t\000i\000o\000n\000M\000a\000n\000a\000g\000e\000r\000\040\000N\000a\000m\000e\000s\000p\000a\000c\000e\000\040\000R\000e\000f\000e\000r\000e\000n\000c\000e}{chapter.5}% 15
\BOOKMARK [2][-]{subsection.5.6.1}{\376\377\0005\000.\0006\000.\0001\000\040\000V\000a\000r\000i\000a\000b\000l\000e\000\040\000D\000o\000c\000u\000m\000e\000n\000t\000a\000t\000i\000o\000n}{section.5.6}% 16
\BOOKMARK [3][-]{subsubsection.5.6.1.1}{\376\377\0005\000.\0006\000.\0001\000.\0001\000\040\000r\000o\000o\000t}{subsection.5.6.1}% 17
\BOOKMARK [1][-]{section.5.7}{\376\377\0005\000.\0007\000\040\000r\000u\000n\000\137\000f\000u\000l\000l\000\137\000t\000e\000a\000m\000\040\000N\000a\000m\000e\000s\000p\000a\000c\000e\000\040\000R\000e\000f\000e\000r\000e\000n\000c\000e}{chapter.5}% 18
\BOOKMARK [2][-]{subsection.5.7.1}{\376\377\0005\000.\0007\000.\0001\000\040\000V\000a\000r\000i\000a\000b\000l\000e\000\040\000D\000o\000c\000u\000m\000e\000n\000t\000a\000t\000i\000o\000n}{section.5.7}% 19
\BOOKMARK [3][-]{subsubsection.5.7.1.1}{\376\377\0005\000.\0007\000.\0001\000.\0001\000\040\000b\000o\000o\000t}{subsection.5.7.1}% 20
\BOOKMARK [3][-]{subsubsection.5.7.1.2}{\376\377\0005\000.\0007\000.\0001\000.\0002\000\040\000p}{subsection.5.7.1}% 21
\BOOKMARK [3][-]{subsubsection.5.7.1.3}{\376\377\0005\000.\0007\000.\0001\000.\0003\000\040\000p\000l\000a\000y\000e\000r\000s}{subsection.5.7.1}% 22
\BOOKMARK [1][-]{section.5.8}{\376\377\0005\000.\0008\000\040\000r\000u\000n\000\137\000p\000l\000a\000y\000e\000r\000\040\000N\000a\000m\000e\000s\000p\000a\000c\000e\000\040\000R\000e\000f\000e\000r\000e\000n\000c\000e}{chapter.5}% 23
\BOOKMARK [2][-]{subsection.5.8.1}{\376\377\0005\000.\0008\000.\0001\000\040\000V\000a\000r\000i\000a\000b\000l\000e\000\040\000D\000o\000c\000u\000m\000e\000n\000t\000a\000t\000i\000o\000n}{section.5.8}% 24
\BOOKMARK [3][-]{subsubsection.5.8.1.1}{\376\377\0005\000.\0008\000.\0001\000.\0001\000\040\000b\000o\000o\000t}{subsection.5.8.1}% 25
\BOOKMARK [3][-]{subsubsection.5.8.1.2}{\376\377\0005\000.\0008\000.\0001\000.\0002\000\040\000p}{subsection.5.8.1}% 26
\BOOKMARK [1][-]{section.5.9}{\376\377\0005\000.\0009\000\040\000S\000e\000r\000v\000e\000r\000C\000o\000m\000m\000\040\000N\000a\000m\000e\000s\000p\000a\000c\000e\000\040\000R\000e\000f\000e\000r\000e\000n\000c\000e}{chapter.5}% 27
\BOOKMARK [0][-]{chapter.6}{\376\377\0006\000\040\000C\000l\000a\000s\000s\000\040\000D\000o\000c\000u\000m\000e\000n\000t\000a\000t\000i\000o\000n}{}% 28
\BOOKMARK [1][-]{section.6.1}{\376\377\0006\000.\0001\000\040\000A\000g\000e\000n\000t\000.\000A\000g\000e\000n\000t\000\040\000C\000l\000a\000s\000s\000\040\000R\000e\000f\000e\000r\000e\000n\000c\000e}{chapter.6}% 29
\BOOKMARK [2][-]{subsection.6.1.1}{\376\377\0006\000.\0001\000.\0001\000\040\000D\000e\000t\000a\000i\000l\000e\000d\000\040\000D\000e\000s\000c\000r\000i\000p\000t\000i\000o\000n}{section.6.1}% 30
\BOOKMARK [2][-]{subsection.6.1.2}{\376\377\0006\000.\0001\000.\0002\000\040\000C\000o\000n\000s\000t\000r\000u\000c\000t\000o\000r\000\040\000\046\000\040\000D\000e\000s\000t\000r\000u\000c\000t\000o\000r\000\040\000D\000o\000c\000u\000m\000e\000n\000t\000a\000t\000i\000o\000n}{section.6.1}% 31
\BOOKMARK [3][-]{subsubsection.6.1.2.1}{\376\377\0006\000.\0001\000.\0002\000.\0001\000\040\000\137\000\137\000i\000n\000i\000t\000\137\000\137\000\050\000\051}{subsection.6.1.2}% 32
\BOOKMARK [2][-]{subsection.6.1.3}{\376\377\0006\000.\0001\000.\0003\000\040\000M\000e\000m\000b\000e\000r\000\040\000D\000a\000t\000a\000\040\000D\000o\000c\000u\000m\000e\000n\000t\000a\000t\000i\000o\000n}{section.6.1}% 33
\BOOKMARK [3][-]{subsubsection.6.1.3.1}{\376\377\0006\000.\0001\000.\0003\000.\0001\000\040\000u\000n\000u\000m}{subsection.6.1.3}% 34
\BOOKMARK [1][-]{section.6.2}{\376\377\0006\000.\0002\000\040\000B\000a\000s\000e\000A\000g\000e\000n\000t\000.\000B\000a\000s\000e\000A\000g\000e\000n\000t\000\040\000C\000l\000a\000s\000s\000\040\000R\000e\000f\000e\000r\000e\000n\000c\000e}{chapter.6}% 35
\BOOKMARK [2][-]{subsection.6.2.1}{\376\377\0006\000.\0002\000.\0001\000\040\000D\000e\000t\000a\000i\000l\000e\000d\000\040\000D\000e\000s\000c\000r\000i\000p\000t\000i\000o\000n}{section.6.2}% 36
\BOOKMARK [2][-]{subsection.6.2.2}{\376\377\0006\000.\0002\000.\0002\000\040\000C\000o\000n\000s\000t\000r\000u\000c\000t\000o\000r\000\040\000\046\000\040\000D\000e\000s\000t\000r\000u\000c\000t\000o\000r\000\040\000D\000o\000c\000u\000m\000e\000n\000t\000a\000t\000i\000o\000n}{section.6.2}% 37
\BOOKMARK [3][-]{subsubsection.6.2.2.1}{\376\377\0006\000.\0002\000.\0002\000.\0001\000\040\000\137\000\137\000i\000n\000i\000t\000\137\000\137\000\050\000\051}{subsection.6.2.2}% 38
\BOOKMARK [2][-]{subsection.6.2.3}{\376\377\0006\000.\0002\000.\0003\000\040\000M\000e\000m\000b\000e\000r\000\040\000F\000u\000n\000c\000t\000i\000o\000n\000\040\000D\000o\000c\000u\000m\000e\000n\000t\000a\000t\000i\000o\000n}{section.6.2}% 39
\BOOKMARK [3][-]{subsubsection.6.2.3.1}{\376\377\0006\000.\0002\000.\0003\000.\0001\000\040\000b\000e\000a\000m\000\050\000\051}{subsection.6.2.3}% 40
\BOOKMARK [2][-]{subsection.6.2.4}{\376\377\0006\000.\0002\000.\0004\000\040\000M\000e\000m\000b\000e\000r\000\040\000D\000a\000t\000a\000\040\000D\000o\000c\000u\000m\000e\000n\000t\000a\000t\000i\000o\000n}{section.6.2}% 41
\BOOKMARK [3][-]{subsubsection.6.2.4.1}{\376\377\0006\000.\0002\000.\0004\000.\0001\000\040\000A\000G\000E\000N\000T\000S\000\137\000I\000N\000\137\000T\000H\000E\000\137\000M\000A\000T\000C\000H}{subsection.6.2.4}% 42
\BOOKMARK [3][-]{subsubsection.6.2.4.2}{\376\377\0006\000.\0002\000.\0004\000.\0002\000\040\000e\000n\000v}{subsection.6.2.4}% 43
\BOOKMARK [3][-]{subsubsection.6.2.4.3}{\376\377\0006\000.\0002\000.\0004\000.\0003\000\040\000i\000n\000i\000t\000\137\000p\000o\000s\000i\000t\000i\000o\000n}{subsection.6.2.4}% 44
\BOOKMARK [3][-]{subsubsection.6.2.4.4}{\376\377\0006\000.\0002\000.\0004\000.\0004\000\040\000I\000N\000I\000T\000I\000A\000L\000\137\000P\000O\000S\000I\000T\000I\000O\000N}{subsection.6.2.4}% 45
\BOOKMARK [3][-]{subsubsection.6.2.4.5}{\376\377\0006\000.\0002\000.\0004\000.\0005\000\040\000l\000o\000g\000g\000e\000r}{subsection.6.2.4}% 46
\BOOKMARK [3][-]{subsubsection.6.2.4.6}{\376\377\0006\000.\0002\000.\0004\000.\0006\000\040\000s\000c\000o\000m}{subsection.6.2.4}% 47
\BOOKMARK [3][-]{subsubsection.6.2.4.7}{\376\377\0006\000.\0002\000.\0004\000.\0007\000\040\000u\000n\000u\000m}{subsection.6.2.4}% 48
\BOOKMARK [1][-]{section.6.3}{\376\377\0006\000.\0003\000\040\000B\000o\000o\000t\000i\000n\000g\000.\000B\000o\000o\000t\000i\000n\000g\000\040\000C\000l\000a\000s\000s\000\040\000R\000e\000f\000e\000r\000e\000n\000c\000e}{chapter.6}% 49
\BOOKMARK [2][-]{subsection.6.3.1}{\376\377\0006\000.\0003\000.\0001\000\040\000D\000e\000t\000a\000i\000l\000e\000d\000\040\000D\000e\000s\000c\000r\000i\000p\000t\000i\000o\000n}{section.6.3}% 50
\BOOKMARK [2][-]{subsection.6.3.2}{\376\377\0006\000.\0003\000.\0002\000\040\000C\000o\000n\000s\000t\000r\000u\000c\000t\000o\000r\000\040\000\046\000\040\000D\000e\000s\000t\000r\000u\000c\000t\000o\000r\000\040\000D\000o\000c\000u\000m\000e\000n\000t\000a\000t\000i\000o\000n}{section.6.3}% 51
\BOOKMARK [3][-]{subsubsection.6.3.2.1}{\376\377\0006\000.\0003\000.\0002\000.\0001\000\040\000\137\000\137\000i\000n\000i\000t\000\137\000\137\000\050\000\051}{subsection.6.3.2}% 52
\BOOKMARK [2][-]{subsection.6.3.3}{\376\377\0006\000.\0003\000.\0003\000\040\000M\000e\000m\000b\000e\000r\000\040\000F\000u\000n\000c\000t\000i\000o\000n\000\040\000D\000o\000c\000u\000m\000e\000n\000t\000a\000t\000i\000o\000n}{section.6.3}% 53
\BOOKMARK [3][-]{subsubsection.6.3.3.1}{\376\377\0006\000.\0003\000.\0003\000.\0001\000\040\000c\000p\000p\000\137\000b\000u\000i\000l\000d\000e\000r\000\050\000\051}{subsection.6.3.3}% 54
\BOOKMARK [3][-]{subsubsection.6.3.3.2}{\376\377\0006\000.\0003\000.\0003\000.\0002\000\040\000g\000e\000t\000\137\000t\000e\000a\000m\000\137\000p\000a\000r\000a\000m\000s\000\050\000\051}{subsection.6.3.3}% 55
\BOOKMARK [3][-]{subsubsection.6.3.3.3}{\376\377\0006\000.\0003\000.\0003\000.\0003\000\040\000s\000h\000o\000w\000\137\000s\000p\000i\000n\000n\000e\000r\000\050\000\051}{subsection.6.3.3}% 56
\BOOKMARK [2][-]{subsection.6.3.4}{\376\377\0006\000.\0003\000.\0004\000\040\000M\000e\000m\000b\000e\000r\000\040\000D\000a\000t\000a\000\040\000D\000o\000c\000u\000m\000e\000n\000t\000a\000t\000i\000o\000n}{section.6.3}% 57
\BOOKMARK [3][-]{subsubsection.6.3.4.1}{\376\377\0006\000.\0003\000.\0004\000.\0001\000\040\000C\000O\000N\000F\000I\000G\000\137\000P\000A\000T\000H}{subsection.6.3.4}% 58
\BOOKMARK [3][-]{subsubsection.6.3.4.2}{\376\377\0006\000.\0003\000.\0004\000.\0002\000\040\000o\000p\000t\000i\000o\000n\000s}{subsection.6.3.4}% 59
\BOOKMARK [1][-]{section.6.4}{\376\377\0006\000.\0004\000\040\000E\000n\000v\000i\000r\000o\000n\000m\000e\000n\000t\000\040\000C\000l\000a\000s\000s\000\040\000R\000e\000f\000e\000r\000e\000n\000c\000e}{chapter.6}% 60
\BOOKMARK [2][-]{subsection.6.4.1}{\376\377\0006\000.\0004\000.\0001\000\040\000D\000e\000t\000a\000i\000l\000e\000d\000\040\000D\000e\000s\000c\000r\000i\000p\000t\000i\000o\000n}{section.6.4}% 61
\BOOKMARK [2][-]{subsection.6.4.2}{\376\377\0006\000.\0004\000.\0002\000\040\000M\000e\000m\000b\000e\000r\000\040\000E\000n\000u\000m\000e\000r\000a\000t\000i\000o\000n\000\040\000D\000o\000c\000u\000m\000e\000n\000t\000a\000t\000i\000o\000n}{section.6.4}% 62
\BOOKMARK [3][-]{subsubsection.6.4.2.1}{\376\377\0006\000.\0004\000.\0002\000.\0001\000\040\000P\000l\000a\000y\000M\000o\000d\000e}{subsection.6.4.2}% 63
\BOOKMARK [3][-]{subsubsection.6.4.2.2}{\376\377\0006\000.\0004\000.\0002\000.\0002\000\040\000P\000l\000a\000y\000M\000o\000d\000e\000G\000r\000o\000u\000p}{subsection.6.4.2}% 64
\BOOKMARK [2][-]{subsection.6.4.3}{\376\377\0006\000.\0004\000.\0003\000\040\000C\000o\000n\000s\000t\000r\000u\000c\000t\000o\000r\000\040\000\046\000\040\000D\000e\000s\000t\000r\000u\000c\000t\000o\000r\000\040\000D\000o\000c\000u\000m\000e\000n\000t\000a\000t\000i\000o\000n}{section.6.4}% 65
\BOOKMARK [3][-]{subsubsection.6.4.3.1}{\376\377\0006\000.\0004\000.\0003\000.\0001\000\040\000E\000n\000v\000i\000r\000o\000n\000m\000e\000n\000t\000\050\000\051}{subsection.6.4.3}% 66
\BOOKMARK [2][-]{subsection.6.4.4}{\376\377\0006\000.\0004\000.\0004\000\040\000M\000e\000m\000b\000e\000r\000\040\000F\000u\000n\000c\000t\000i\000o\000n\000\040\000D\000o\000c\000u\000m\000e\000n\000t\000a\000t\000i\000o\000n}{section.6.4}% 67
\BOOKMARK [3][-]{subsubsection.6.4.4.1}{\376\377\0006\000.\0004\000.\0004\000.\0001\000\040\000p\000r\000i\000n\000t\000\137\000s\000t\000a\000t\000u\000s\000\050\000\051}{subsection.6.4.4}% 68
\BOOKMARK [3][-]{subsubsection.6.4.4.2}{\376\377\0006\000.\0004\000.\0004\000.\0002\000\040\000u\000p\000d\000a\000t\000e\000\137\000f\000r\000o\000m\000\137\000s\000e\000r\000v\000e\000r\000\050\000\051}{subsection.6.4.4}% 69
\BOOKMARK [2][-]{subsection.6.4.5}{\376\377\0006\000.\0004\000.\0005\000\040\000M\000e\000m\000b\000e\000r\000\040\000D\000a\000t\000a\000\040\000D\000o\000c\000u\000m\000e\000n\000t\000a\000t\000i\000o\000n}{section.6.4}% 70
\BOOKMARK [3][-]{subsubsection.6.4.5.1}{\376\377\0006\000.\0004\000.\0005\000.\0001\000\040\000g\000o\000a\000l\000s\000\137\000c\000o\000n\000c\000e\000d\000e\000d}{subsection.6.4.5}% 71
\BOOKMARK [3][-]{subsubsection.6.4.5.2}{\376\377\0006\000.\0004\000.\0005\000.\0002\000\040\000g\000o\000a\000l\000s\000\137\000s\000c\000o\000r\000e\000d}{subsection.6.4.5}% 72
\BOOKMARK [3][-]{subsubsection.6.4.5.3}{\376\377\0006\000.\0004\000.\0005\000.\0003\000\040\000i\000s\000\137\000l\000e\000f\000t}{subsection.6.4.5}% 73
\BOOKMARK [3][-]{subsubsection.6.4.5.4}{\376\377\0006\000.\0004\000.\0005\000.\0004\000\040\000l\000o\000g\000g\000e\000r}{subsection.6.4.5}% 74
\BOOKMARK [3][-]{subsubsection.6.4.5.5}{\376\377\0006\000.\0004\000.\0005\000.\0005\000\040\000t\000i\000m\000e\000\137\000m\000a\000t\000c\000h}{subsection.6.4.5}% 75
\BOOKMARK [3][-]{subsubsection.6.4.5.6}{\376\377\0006\000.\0004\000.\0005\000.\0006\000\040\000t\000i\000m\000e\000\137\000s\000e\000r\000v\000e\000r}{subsection.6.4.5}% 76
\BOOKMARK [3][-]{subsubsection.6.4.5.7}{\376\377\0006\000.\0004\000.\0005\000.\0007\000\040\000u\000n\000u\000m}{subsection.6.4.5}% 77
\BOOKMARK [1][-]{section.6.5}{\376\377\0006\000.\0005\000\040\000L\000o\000g\000g\000e\000r\000\040\000C\000l\000a\000s\000s\000\040\000R\000e\000f\000e\000r\000e\000n\000c\000e}{chapter.6}% 78
\BOOKMARK [2][-]{subsection.6.5.1}{\376\377\0006\000.\0005\000.\0001\000\040\000D\000e\000t\000a\000i\000l\000e\000d\000\040\000D\000e\000s\000c\000r\000i\000p\000t\000i\000o\000n}{section.6.5}% 79
\BOOKMARK [2][-]{subsection.6.5.2}{\376\377\0006\000.\0005\000.\0002\000\040\000C\000o\000n\000s\000t\000r\000u\000c\000t\000o\000r\000\040\000\046\000\040\000D\000e\000s\000t\000r\000u\000c\000t\000o\000r\000\040\000D\000o\000c\000u\000m\000e\000n\000t\000a\000t\000i\000o\000n}{section.6.5}% 80
\BOOKMARK [3][-]{subsubsection.6.5.2.1}{\376\377\0006\000.\0005\000.\0002\000.\0001\000\040\000L\000o\000g\000g\000e\000r\000\050\000\051\000\040\000[\0001\000/\0002\000]}{subsection.6.5.2}% 81
\BOOKMARK [3][-]{subsubsection.6.5.2.2}{\376\377\0006\000.\0005\000.\0002\000.\0002\000\040\000L\000o\000g\000g\000e\000r\000\050\000\051\000\040\000[\0002\000/\0002\000]}{subsection.6.5.2}% 82
\BOOKMARK [3][-]{subsubsection.6.5.2.3}{\376\377\0006\000.\0005\000.\0002\000.\0003\000\040\000~\000L\000o\000g\000g\000e\000r\000\050\000\051}{subsection.6.5.2}% 83
\BOOKMARK [2][-]{subsection.6.5.3}{\376\377\0006\000.\0005\000.\0003\000\040\000M\000e\000m\000b\000e\000r\000\040\000F\000u\000n\000c\000t\000i\000o\000n\000\040\000D\000o\000c\000u\000m\000e\000n\000t\000a\000t\000i\000o\000n}{section.6.5}% 84
\BOOKMARK [3][-]{subsubsection.6.5.3.1}{\376\377\0006\000.\0005\000.\0003\000.\0001\000\040\000\137\000i\000n\000i\000t\000\137\000f\000i\000l\000e\000\050\000\051}{subsection.6.5.3}% 85
\BOOKMARK [3][-]{subsubsection.6.5.3.2}{\376\377\0006\000.\0005\000.\0003\000.\0002\000\040\000\137\000w\000o\000r\000k\000e\000r\000\137\000l\000o\000o\000p\000\050\000\051}{subsection.6.5.3}% 86
\BOOKMARK [3][-]{subsubsection.6.5.3.3}{\376\377\0006\000.\0005\000.\0003\000.\0003\000\040\000e\000r\000r\000o\000r\000\050\000\051\000\040\000[\0001\000/\0002\000]}{subsection.6.5.3}% 87
\BOOKMARK [3][-]{subsubsection.6.5.3.4}{\376\377\0006\000.\0005\000.\0003\000.\0004\000\040\000e\000r\000r\000o\000r\000\050\000\051\000\040\000[\0002\000/\0002\000]}{subsection.6.5.3}% 88
\BOOKMARK [3][-]{subsubsection.6.5.3.5}{\376\377\0006\000.\0005\000.\0003\000.\0005\000\040\000g\000e\000t\000\050\000\051}{subsection.6.5.3}% 89
\BOOKMARK [3][-]{subsubsection.6.5.3.6}{\376\377\0006\000.\0005\000.\0003\000.\0006\000\040\000i\000n\000f\000o\000\050\000\051\000\040\000[\0001\000/\0002\000]}{subsection.6.5.3}% 90
\BOOKMARK [3][-]{subsubsection.6.5.3.7}{\376\377\0006\000.\0005\000.\0003\000.\0007\000\040\000i\000n\000f\000o\000\050\000\051\000\040\000[\0002\000/\0002\000]}{subsection.6.5.3}% 91
\BOOKMARK [3][-]{subsubsection.6.5.3.8}{\376\377\0006\000.\0005\000.\0003\000.\0008\000\040\000l\000o\000g\000\050\000\051}{subsection.6.5.3}% 92
\BOOKMARK [3][-]{subsubsection.6.5.3.9}{\376\377\0006\000.\0005\000.\0003\000.\0009\000\040\000o\000p\000e\000r\000a\000t\000o\000r\000=\000\050\000\051}{subsection.6.5.3}% 93
\BOOKMARK [3][-]{subsubsection.6.5.3.10}{\376\377\0006\000.\0005\000.\0003\000.\0001\0000\000\040\000w\000a\000r\000n\000\050\000\051\000\040\000[\0001\000/\0002\000]}{subsection.6.5.3}% 94
\BOOKMARK [3][-]{subsubsection.6.5.3.11}{\376\377\0006\000.\0005\000.\0003\000.\0001\0001\000\040\000w\000a\000r\000n\000\050\000\051\000\040\000[\0002\000/\0002\000]}{subsection.6.5.3}% 95
\BOOKMARK [2][-]{subsection.6.5.4}{\376\377\0006\000.\0005\000.\0004\000\040\000M\000e\000m\000b\000e\000r\000\040\000D\000a\000t\000a\000\040\000D\000o\000c\000u\000m\000e\000n\000t\000a\000t\000i\000o\000n}{section.6.5}% 96
\BOOKMARK [3][-]{subsubsection.6.5.4.1}{\376\377\0006\000.\0005\000.\0004\000.\0001\000\040\000\137\000c\000u\000r\000r\000e\000n\000t\000\137\000b\000u\000f\000f\000e\000r}{subsection.6.5.4}% 97
\BOOKMARK [3][-]{subsubsection.6.5.4.2}{\376\377\0006\000.\0005\000.\0004\000.\0002\000\040\000\137\000c\000v}{subsection.6.5.4}% 98
\BOOKMARK [3][-]{subsubsection.6.5.4.3}{\376\377\0006\000.\0005\000.\0004\000.\0003\000\040\000\137\000f\000i\000l\000e\000\137\000s\000t\000r\000e\000a\000m}{subsection.6.5.4}% 99
\BOOKMARK [3][-]{subsubsection.6.5.4.4}{\376\377\0006\000.\0005\000.\0004\000.\0004\000\040\000\137\000i\000s\000\137\000r\000u\000n\000n\000i\000n\000g}{subsection.6.5.4}% 100
\BOOKMARK [3][-]{subsubsection.6.5.4.5}{\376\377\0006\000.\0005\000.\0004\000.\0005\000\040\000\137\000m\000u\000t\000e\000x}{subsection.6.5.4}% 101
\BOOKMARK [3][-]{subsubsection.6.5.4.6}{\376\377\0006\000.\0005\000.\0004\000.\0006\000\040\000\137\000w\000o\000r\000k\000e\000r}{subsection.6.5.4}% 102
\BOOKMARK [3][-]{subsubsection.6.5.4.7}{\376\377\0006\000.\0005\000.\0004\000.\0007\000\040\000\137\000w\000r\000i\000t\000e\000\137\000b\000u\000f\000f\000e\000r}{subsection.6.5.4}% 103
\BOOKMARK [3][-]{subsubsection.6.5.4.8}{\376\377\0006\000.\0005\000.\0004\000.\0008\000\040\000i\000s\000\137\000t\000h\000e\000\137\000f\000i\000r\000s\000t}{subsection.6.5.4}% 104
\BOOKMARK [1][-]{section.6.6}{\376\377\0006\000.\0006\000\040\000E\000n\000v\000i\000r\000o\000n\000m\000e\000n\000t\000:\000:\000P\000a\000r\000s\000i\000n\000g\000\040\000C\000l\000a\000s\000s\000\040\000R\000e\000f\000e\000r\000e\000n\000c\000e}{chapter.6}% 105
\BOOKMARK [2][-]{subsection.6.6.1}{\376\377\0006\000.\0006\000.\0001\000\040\000D\000e\000t\000a\000i\000l\000e\000d\000\040\000D\000e\000s\000c\000r\000i\000p\000t\000i\000o\000n}{section.6.6}% 106
\BOOKMARK [2][-]{subsection.6.6.2}{\376\377\0006\000.\0006\000.\0002\000\040\000C\000o\000n\000s\000t\000r\000u\000c\000t\000o\000r\000\040\000\046\000\040\000D\000e\000s\000t\000r\000u\000c\000t\000o\000r\000\040\000D\000o\000c\000u\000m\000e\000n\000t\000a\000t\000i\000o\000n}{section.6.6}% 107
\BOOKMARK [3][-]{subsubsection.6.6.2.1}{\376\377\0006\000.\0006\000.\0002\000.\0001\000\040\000P\000a\000r\000s\000i\000n\000g\000\050\000\051}{subsection.6.6.2}% 108
\BOOKMARK [2][-]{subsection.6.6.3}{\376\377\0006\000.\0006\000.\0003\000\040\000M\000e\000m\000b\000e\000r\000\040\000F\000u\000n\000c\000t\000i\000o\000n\000\040\000D\000o\000c\000u\000m\000e\000n\000t\000a\000t\000i\000o\000n}{section.6.6}% 109
\BOOKMARK [3][-]{subsubsection.6.6.3.1}{\376\377\0006\000.\0006\000.\0003\000.\0001\000\040\000a\000d\000v\000a\000n\000c\000e\000\050\000\051}{subsection.6.6.3}% 110
\BOOKMARK [3][-]{subsubsection.6.6.3.2}{\376\377\0006\000.\0006\000.\0003\000.\0002\000\040\000g\000e\000t\000\137\000s\000t\000r\000\050\000\051}{subsection.6.6.3}% 111
\BOOKMARK [3][-]{subsubsection.6.6.3.3}{\376\377\0006\000.\0006\000.\0003\000.\0003\000\040\000g\000e\000t\000\137\000v\000a\000l\000u\000e\000\050\000\051}{subsection.6.6.3}% 112
\BOOKMARK [3][-]{subsubsection.6.6.3.4}{\376\377\0006\000.\0006\000.\0003\000.\0004\000\040\000p\000a\000r\000s\000e\000\137\000g\000a\000m\000e\000s\000t\000a\000t\000e\000\050\000\051}{subsection.6.6.3}% 113
\BOOKMARK [3][-]{subsubsection.6.6.3.5}{\376\377\0006\000.\0006\000.\0003\000.\0005\000\040\000p\000a\000r\000s\000e\000\137\000t\000i\000m\000e\000\050\000\051}{subsection.6.6.3}% 114
\BOOKMARK [3][-]{subsubsection.6.6.3.6}{\376\377\0006\000.\0006\000.\0003\000.\0006\000\040\000s\000k\000i\000p\000\137\000u\000n\000t\000i\000l\000\137\000c\000h\000a\000r\000\050\000\051}{subsection.6.6.3}% 115
\BOOKMARK [2][-]{subsection.6.6.4}{\376\377\0006\000.\0006\000.\0004\000\040\000M\000e\000m\000b\000e\000r\000\040\000D\000a\000t\000a\000\040\000D\000o\000c\000u\000m\000e\000n\000t\000a\000t\000i\000o\000n}{section.6.6}% 116
\BOOKMARK [3][-]{subsubsection.6.6.4.1}{\376\377\0006\000.\0006\000.\0004\000.\0001\000\040\000b\000u\000f\000f\000e\000r}{subsection.6.6.4}% 117
\BOOKMARK [3][-]{subsubsection.6.6.4.2}{\376\377\0006\000.\0006\000.\0004\000.\0002\000\040\000e\000n\000d}{subsection.6.6.4}% 118
\BOOKMARK [3][-]{subsubsection.6.6.4.3}{\376\377\0006\000.\0006\000.\0004\000.\0003\000\040\000e\000n\000v}{subsection.6.6.4}% 119
\BOOKMARK [1][-]{section.6.7}{\376\377\0006\000.\0007\000\040\000P\000r\000i\000n\000t\000i\000n\000g\000.\000P\000r\000i\000n\000t\000i\000n\000g\000\040\000C\000l\000a\000s\000s\000\040\000R\000e\000f\000e\000r\000e\000n\000c\000e}{chapter.6}% 120
\BOOKMARK [2][-]{subsection.6.7.1}{\376\377\0006\000.\0007\000.\0001\000\040\000D\000e\000t\000a\000i\000l\000e\000d\000\040\000D\000e\000s\000c\000r\000i\000p\000t\000i\000o\000n}{section.6.7}% 121
\BOOKMARK [2][-]{subsection.6.7.2}{\376\377\0006\000.\0007\000.\0002\000\040\000M\000e\000m\000b\000e\000r\000\040\000F\000u\000n\000c\000t\000i\000o\000n\000\040\000D\000o\000c\000u\000m\000e\000n\000t\000a\000t\000i\000o\000n}{section.6.7}% 122
\BOOKMARK [3][-]{subsubsection.6.7.2.1}{\376\377\0006\000.\0007\000.\0002\000.\0001\000\040\000g\000e\000t\000\137\000i\000n\000p\000u\000t\000\050\000\051}{subsection.6.7.2}% 123
\BOOKMARK [3][-]{subsubsection.6.7.2.2}{\376\377\0006\000.\0007\000.\0002\000.\0002\000\040\000p\000r\000i\000n\000t\000\137\000m\000e\000s\000s\000a\000g\000e\000\050\000\051}{subsection.6.7.2}% 124
\BOOKMARK [3][-]{subsubsection.6.7.2.3}{\376\377\0006\000.\0007\000.\0002\000.\0003\000\040\000p\000r\000i\000n\000t\000\137\000t\000a\000b\000l\000e\000\050\000\051}{subsection.6.7.2}% 125
\BOOKMARK [2][-]{subsection.6.7.3}{\376\377\0006\000.\0007\000.\0003\000\040\000M\000e\000m\000b\000e\000r\000\040\000D\000a\000t\000a\000\040\000D\000o\000c\000u\000m\000e\000n\000t\000a\000t\000i\000o\000n}{section.6.7}% 126
\BOOKMARK [3][-]{subsubsection.6.7.3.1}{\376\377\0006\000.\0007\000.\0003\000.\0001\000\040\000C\000O\000N\000S\000O\000L\000E}{subsection.6.7.3}% 127
\BOOKMARK [3][-]{subsubsection.6.7.3.2}{\376\377\0006\000.\0007\000.\0003\000.\0002\000\040\000I\000F\000\137\000I\000N\000\137\000D\000E\000B\000U\000G}{subsection.6.7.3}% 128
\BOOKMARK [3][-]{subsubsection.6.7.3.3}{\376\377\0006\000.\0007\000.\0003\000.\0003\000\040\000T\000A\000B\000L\000E\000\137\000C\000O\000L\000O\000R\000S}{subsection.6.7.3}% 129
\BOOKMARK [1][-]{section.6.8}{\376\377\0006\000.\0008\000\040\000R\000o\000b\000o\000t\000P\000o\000s\000i\000t\000i\000o\000n\000M\000a\000n\000a\000g\000e\000r\000.\000R\000o\000b\000o\000t\000P\000o\000s\000i\000t\000i\000o\000n\000M\000a\000n\000a\000g\000e\000r\000\040\000C\000l\000a\000s\000s\000\040\000R\000e\000f\000e\000r\000e\000n\000c\000e}{chapter.6}% 130
\BOOKMARK [2][-]{subsection.6.8.1}{\376\377\0006\000.\0008\000.\0001\000\040\000D\000e\000t\000a\000i\000l\000e\000d\000\040\000D\000e\000s\000c\000r\000i\000p\000t\000i\000o\000n}{section.6.8}% 131
\BOOKMARK [2][-]{subsection.6.8.2}{\376\377\0006\000.\0008\000.\0002\000\040\000C\000o\000n\000s\000t\000r\000u\000c\000t\000o\000r\000\040\000\046\000\040\000D\000e\000s\000t\000r\000u\000c\000t\000o\000r\000\040\000D\000o\000c\000u\000m\000e\000n\000t\000a\000t\000i\000o\000n}{section.6.8}% 132
\BOOKMARK [3][-]{subsubsection.6.8.2.1}{\376\377\0006\000.\0008\000.\0002\000.\0001\000\040\000\137\000\137\000i\000n\000i\000t\000\137\000\137\000\050\000\051}{subsection.6.8.2}% 133
\BOOKMARK [2][-]{subsection.6.8.3}{\376\377\0006\000.\0008\000.\0003\000\040\000M\000e\000m\000b\000e\000r\000\040\000F\000u\000n\000c\000t\000i\000o\000n\000\040\000D\000o\000c\000u\000m\000e\000n\000t\000a\000t\000i\000o\000n}{section.6.8}% 134
\BOOKMARK [3][-]{subsubsection.6.8.3.1}{\376\377\0006\000.\0008\000.\0003\000.\0001\000\040\000\137\000c\000a\000n\000v\000a\000s\000\137\000t\000o\000\137\000f\000i\000e\000l\000d\000\050\000\051}{subsection.6.8.3}% 135
\BOOKMARK [3][-]{subsubsection.6.8.3.2}{\376\377\0006\000.\0008\000.\0003\000.\0002\000\040\000\137\000f\000i\000e\000l\000d\000\137\000t\000o\000\137\000c\000a\000n\000v\000a\000s\000\050\000\051}{subsection.6.8.3}% 136
\BOOKMARK [3][-]{subsubsection.6.8.3.3}{\376\377\0006\000.\0008\000.\0003\000.\0003\000\040\000a\000p\000a\000g\000a\000r\000\137\000c\000o\000n\000f\000i\000g\000\050\000\051}{subsection.6.8.3}% 137
\BOOKMARK [3][-]{subsubsection.6.8.3.4}{\376\377\0006\000.\0008\000.\0003\000.\0004\000\040\000c\000l\000e\000a\000r\000\137\000g\000r\000i\000d\000\050\000\051}{subsection.6.8.3}% 138
\BOOKMARK [3][-]{subsubsection.6.8.3.5}{\376\377\0006\000.\0008\000.\0003\000.\0005\000\040\000c\000l\000i\000c\000k\000\137\000o\000n\000\137\000g\000r\000i\000d\000\050\000\051}{subsection.6.8.3}% 139
\BOOKMARK [3][-]{subsubsection.6.8.3.6}{\376\377\0006\000.\0008\000.\0003\000.\0006\000\040\000c\000r\000i\000a\000r\000\137\000w\000i\000d\000g\000e\000t\000s\000\050\000\051}{subsection.6.8.3}% 140
\BOOKMARK [3][-]{subsubsection.6.8.3.7}{\376\377\0006\000.\0008\000.\0003\000.\0007\000\040\000d\000e\000s\000t\000r\000o\000y\000\050\000\051}{subsection.6.8.3}% 141
\BOOKMARK [3][-]{subsubsection.6.8.3.8}{\376\377\0006\000.\0008\000.\0003\000.\0008\000\040\000d\000r\000a\000w\000\137\000p\000l\000a\000y\000e\000r\000\050\000\051}{subsection.6.8.3}% 142
\BOOKMARK [3][-]{subsubsection.6.8.3.9}{\376\377\0006\000.\0008\000.\0003\000.\0009\000\040\000g\000e\000t\000\137\000c\000o\000n\000f\000i\000g\000\137\000p\000o\000s\000i\000t\000i\000o\000n\000s\000\050\000\051}{subsection.6.8.3}% 143
\BOOKMARK [3][-]{subsubsection.6.8.3.10}{\376\377\0006\000.\0008\000.\0003\000.\0001\0000\000\040\000n\000o\000v\000a\000\137\000c\000o\000n\000f\000i\000g\000\050\000\051}{subsection.6.8.3}% 144
\BOOKMARK [3][-]{subsubsection.6.8.3.11}{\376\377\0006\000.\0008\000.\0003\000.\0001\0001\000\040\000o\000n\000\137\000d\000o\000u\000b\000l\000e\000\137\000c\000l\000i\000c\000k\000\137\000i\000n\000\137\000c\000o\000n\000f\000i\000g\000s\000\050\000\051}{subsection.6.8.3}% 145
\BOOKMARK [3][-]{subsubsection.6.8.3.12}{\376\377\0006\000.\0008\000.\0003\000.\0001\0002\000\040\000s\000a\000l\000v\000a\000r\000\137\000c\000o\000n\000f\000i\000g\000\050\000\051}{subsection.6.8.3}% 146
\BOOKMARK [3][-]{subsubsection.6.8.3.13}{\376\377\0006\000.\0008\000.\0003\000.\0001\0003\000\040\000s\000a\000v\000e\000\137\000c\000o\000n\000f\000i\000g\000\137\000p\000o\000s\000i\000t\000i\000o\000n\000s\000\050\000\051}{subsection.6.8.3}% 147
\BOOKMARK [3][-]{subsubsection.6.8.3.14}{\376\377\0006\000.\0008\000.\0003\000.\0001\0004\000\040\000u\000p\000d\000a\000t\000e\000\137\000t\000a\000b\000l\000e\000\137\000c\000o\000n\000f\000i\000g\000\050\000\051}{subsection.6.8.3}% 148
\BOOKMARK [2][-]{subsection.6.8.4}{\376\377\0006\000.\0008\000.\0004\000\040\000M\000e\000m\000b\000e\000r\000\040\000D\000a\000t\000a\000\040\000D\000o\000c\000u\000m\000e\000n\000t\000a\000t\000i\000o\000n}{section.6.8}% 149
\BOOKMARK [3][-]{subsubsection.6.8.4.1}{\376\377\0006\000.\0008\000.\0004\000.\0001\000\040\000c\000a\000n\000v\000a\000s}{subsection.6.8.4}% 150
\BOOKMARK [3][-]{subsubsection.6.8.4.2}{\376\377\0006\000.\0008\000.\0004\000.\0002\000\040\000c\000a\000n\000v\000a\000s\000\137\000h\000e\000i\000g\000h\000t}{subsection.6.8.4}% 151
\BOOKMARK [3][-]{subsubsection.6.8.4.3}{\376\377\0006\000.\0008\000.\0004\000.\0003\000\040\000c\000a\000n\000v\000a\000s\000\137\000w\000i\000d\000t\000h}{subsection.6.8.4}% 152
\BOOKMARK [3][-]{subsubsection.6.8.4.4}{\376\377\0006\000.\0008\000.\0004\000.\0004\000\040\000c\000l\000i\000c\000k\000\137\000o\000n\000\137\000g\000r\000i\000d}{subsection.6.8.4}% 153
\BOOKMARK [3][-]{subsubsection.6.8.4.5}{\376\377\0006\000.\0008\000.\0004\000.\0005\000\040\000C\000O\000N\000F\000I\000G\000\137\000P\000O\000S\000I\000T\000I\000O\000N\000\137\000P\000A\000T\000H}{subsection.6.8.4}% 154
\BOOKMARK [3][-]{subsubsection.6.8.4.6}{\376\377\0006\000.\0008\000.\0004\000.\0006\000\040\000c\000o\000n\000f\000i\000g\000\137\000p\000o\000s\000i\000t\000i\000o\000n\000s}{subsection.6.8.4}% 155
\BOOKMARK [3][-]{subsubsection.6.8.4.7}{\376\377\0006\000.\0008\000.\0004\000.\0007\000\040\000F\000I\000E\000L\000D\000\137\000H\000E\000I\000G\000H\000T}{subsection.6.8.4}% 156
\BOOKMARK [3][-]{subsubsection.6.8.4.8}{\376\377\0006\000.\0008\000.\0004\000.\0008\000\040\000F\000I\000E\000L\000D\000\137\000W\000I\000D\000T\000H}{subsection.6.8.4}% 157
\BOOKMARK [3][-]{subsubsection.6.8.4.9}{\376\377\0006\000.\0008\000.\0004\000.\0009\000\040\000G\000R\000I\000D\000\137\000S\000C\000A\000L\000E}{subsection.6.8.4}% 158
\BOOKMARK [3][-]{subsubsection.6.8.4.10}{\376\377\0006\000.\0008\000.\0004\000.\0001\0000\000\040\000m\000a\000r\000c\000a\000d\000o\000r\000e\000s\000\137\000j\000o\000g\000a\000d\000o\000r\000e\000s}{subsection.6.8.4}% 159
\BOOKMARK [3][-]{subsubsection.6.8.4.11}{\376\377\0006\000.\0008\000.\0004\000.\0001\0001\000\040\000M\000A\000X\000\137\000J\000O\000G\000A\000D\000O\000R\000E\000S}{subsection.6.8.4}% 160
\BOOKMARK [3][-]{subsubsection.6.8.4.12}{\376\377\0006\000.\0008\000.\0004\000.\0001\0002\000\040\000n\000o\000m\000e\000\137\000d\000e\000\137\000c\000o\000n\000f\000i\000g\000\137\000s\000e\000l\000e\000c\000i\000o\000n\000a\000d\000a}{subsection.6.8.4}% 161
\BOOKMARK [3][-]{subsubsection.6.8.4.13}{\376\377\0006\000.\0008\000.\0004\000.\0001\0003\000\040\000o\000n\000\137\000d\000o\000u\000b\000l\000e\000\137\000c\000l\000i\000c\000k\000\137\000i\000n\000\137\000c\000o\000n\000f\000i\000g\000s}{subsection.6.8.4}% 162
\BOOKMARK [3][-]{subsubsection.6.8.4.14}{\376\377\0006\000.\0008\000.\0004\000.\0001\0004\000\040\000p\000o\000s\000i\000c\000o\000e\000s\000\137\000a\000t\000u\000a\000i\000s}{subsection.6.8.4}% 163
\BOOKMARK [3][-]{subsubsection.6.8.4.15}{\376\377\0006\000.\0008\000.\0004\000.\0001\0005\000\040\000t\000v\000\137\000c\000o\000n\000f\000i\000g\000s}{subsection.6.8.4}% 164
\BOOKMARK [3][-]{subsubsection.6.8.4.16}{\376\377\0006\000.\0008\000.\0004\000.\0001\0006\000\040\000X\000\137\000M\000A\000X}{subsection.6.8.4}% 165
\BOOKMARK [3][-]{subsubsection.6.8.4.17}{\376\377\0006\000.\0008\000.\0004\000.\0001\0007\000\040\000X\000\137\000M\000I\000N}{subsection.6.8.4}% 166
\BOOKMARK [3][-]{subsubsection.6.8.4.18}{\376\377\0006\000.\0008\000.\0004\000.\0001\0008\000\040\000Y\000\137\000M\000A\000X}{subsection.6.8.4}% 167
\BOOKMARK [3][-]{subsubsection.6.8.4.19}{\376\377\0006\000.\0008\000.\0004\000.\0001\0009\000\040\000Y\000\137\000M\000I\000N}{subsection.6.8.4}% 168
\BOOKMARK [1][-]{section.6.9}{\376\377\0006\000.\0009\000\040\000S\000e\000r\000v\000e\000r\000C\000o\000m\000m\000.\000S\000e\000r\000v\000e\000r\000C\000o\000m\000m\000\040\000C\000l\000a\000s\000s\000\040\000R\000e\000f\000e\000r\000e\000n\000c\000e}{chapter.6}% 169
\BOOKMARK [2][-]{subsection.6.9.1}{\376\377\0006\000.\0009\000.\0001\000\040\000D\000e\000t\000a\000i\000l\000e\000d\000\040\000D\000e\000s\000c\000r\000i\000p\000t\000i\000o\000n}{section.6.9}% 170
\BOOKMARK [2][-]{subsection.6.9.2}{\376\377\0006\000.\0009\000.\0002\000\040\000C\000o\000n\000s\000t\000r\000u\000c\000t\000o\000r\000\040\000\046\000\040\000D\000e\000s\000t\000r\000u\000c\000t\000o\000r\000\040\000D\000o\000c\000u\000m\000e\000n\000t\000a\000t\000i\000o\000n}{section.6.9}% 171
\BOOKMARK [3][-]{subsubsection.6.9.2.1}{\376\377\0006\000.\0009\000.\0002\000.\0001\000\040\000\137\000\137\000i\000n\000i\000t\000\137\000\137\000\050\000\051}{subsection.6.9.2}% 172
\BOOKMARK [2][-]{subsection.6.9.3}{\376\377\0006\000.\0009\000.\0003\000\040\000M\000e\000m\000b\000e\000r\000\040\000F\000u\000n\000c\000t\000i\000o\000n\000\040\000D\000o\000c\000u\000m\000e\000n\000t\000a\000t\000i\000o\000n}{section.6.9}% 173
\BOOKMARK [3][-]{subsubsection.6.9.3.1}{\376\377\0006\000.\0009\000.\0003\000.\0001\000\040\000\137\000\137\000r\000e\000c\000e\000i\000v\000e\000\137\000a\000s\000y\000n\000c\000\050\000\051}{subsection.6.9.3}% 174
\BOOKMARK [3][-]{subsubsection.6.9.3.2}{\376\377\0006\000.\0009\000.\0003\000.\0002\000\040\000c\000l\000e\000a\000r\000\137\000q\000u\000e\000u\000e\000\050\000\051}{subsection.6.9.3}% 175
\BOOKMARK [3][-]{subsubsection.6.9.3.3}{\376\377\0006\000.\0009\000.\0003\000.\0003\000\040\000c\000l\000o\000s\000e\000\050\000\051}{subsection.6.9.3}% 176
\BOOKMARK [3][-]{subsubsection.6.9.3.4}{\376\377\0006\000.\0009\000.\0003\000.\0004\000\040\000c\000o\000m\000m\000i\000t\000\050\000\051}{subsection.6.9.3}% 177
\BOOKMARK [3][-]{subsubsection.6.9.3.5}{\376\377\0006\000.\0009\000.\0003\000.\0005\000\040\000c\000o\000m\000m\000i\000t\000\137\000b\000e\000a\000m\000\050\000\051}{subsection.6.9.3}% 178
\BOOKMARK [3][-]{subsubsection.6.9.3.6}{\376\377\0006\000.\0009\000.\0003\000.\0006\000\040\000r\000e\000c\000e\000i\000v\000e\000\050\000\051}{subsection.6.9.3}% 179
\BOOKMARK [3][-]{subsubsection.6.9.3.7}{\376\377\0006\000.\0009\000.\0003\000.\0007\000\040\000s\000e\000n\000d\000\050\000\051}{subsection.6.9.3}% 180
\BOOKMARK [3][-]{subsubsection.6.9.3.8}{\376\377\0006\000.\0009\000.\0003\000.\0008\000\040\000s\000e\000n\000d\000\137\000i\000m\000m\000e\000d\000i\000a\000t\000e\000\050\000\051}{subsection.6.9.3}% 181
\BOOKMARK [2][-]{subsection.6.9.4}{\376\377\0006\000.\0009\000.\0004\000\040\000M\000e\000m\000b\000e\000r\000\040\000D\000a\000t\000a\000\040\000D\000o\000c\000u\000m\000e\000n\000t\000a\000t\000i\000o\000n}{section.6.9}% 182
\BOOKMARK [3][-]{subsubsection.6.9.4.1}{\376\377\0006\000.\0009\000.\0004\000.\0001\000\040\000b\000u\000f\000f\000e\000r}{subsection.6.9.4}% 183
\BOOKMARK [3][-]{subsubsection.6.9.4.2}{\376\377\0006\000.\0009\000.\0004\000.\0002\000\040\000b\000u\000f\000f\000e\000r\000\137\000s\000i\000z\000e}{subsection.6.9.4}% 184
\BOOKMARK [3][-]{subsubsection.6.9.4.3}{\376\377\0006\000.\0009\000.\0004\000.\0003\000\040\000e\000n\000v}{subsection.6.9.4}% 185
\BOOKMARK [3][-]{subsubsection.6.9.4.4}{\376\377\0006\000.\0009\000.\0004\000.\0004\000\040\000m\000e\000s\000s\000a\000g\000e\000\137\000q\000u\000e\000u\000e}{subsection.6.9.4}% 186
\BOOKMARK [3][-]{subsubsection.6.9.4.5}{\376\377\0006\000.\0009\000.\0004\000.\0005\000\040\000s\000o\000c\000k\000e\000t}{subsection.6.9.4}% 187
\BOOKMARK [3][-]{subsubsection.6.9.4.6}{\376\377\0006\000.\0009\000.\0004\000.\0006\000\040\000u\000n\000u\000m}{subsection.6.9.4}% 188
\BOOKMARK [0][-]{chapter.7}{\376\377\0007\000\040\000F\000i\000l\000e\000\040\000D\000o\000c\000u\000m\000e\000n\000t\000a\000t\000i\000o\000n}{}% 189
\BOOKMARK [1][-]{section.7.1}{\376\377\0007\000.\0001\000\040\000s\000r\000c\000/\000a\000g\000e\000n\000t\000/\000A\000g\000e\000n\000t\000.\000p\000y\000\040\000F\000i\000l\000e\000\040\000R\000e\000f\000e\000r\000e\000n\000c\000e}{chapter.7}% 190
\BOOKMARK [2][-]{subsection.7.1.1}{\376\377\0007\000.\0001\000.\0001\000\040\000D\000e\000t\000a\000i\000l\000e\000d\000\040\000D\000e\000s\000c\000r\000i\000p\000t\000i\000o\000n}{section.7.1}% 191
\BOOKMARK [1][-]{section.7.2}{\376\377\0007\000.\0002\000\040\000A\000g\000e\000n\000t\000.\000p\000y}{chapter.7}% 192
\BOOKMARK [1][-]{section.7.3}{\376\377\0007\000.\0003\000\040\000s\000r\000c\000/\000a\000g\000e\000n\000t\000/\000A\000g\000e\000n\000t\000P\000e\000n\000a\000l\000t\000y\000.\000p\000y\000\040\000F\000i\000l\000e\000\040\000R\000e\000f\000e\000r\000e\000n\000c\000e}{chapter.7}% 193
\BOOKMARK [2][-]{subsection.7.3.1}{\376\377\0007\000.\0003\000.\0001\000\040\000D\000e\000t\000a\000i\000l\000e\000d\000\040\000D\000e\000s\000c\000r\000i\000p\000t\000i\000o\000n}{section.7.3}% 194
\BOOKMARK [1][-]{section.7.4}{\376\377\0007\000.\0004\000\040\000A\000g\000e\000n\000t\000P\000e\000n\000a\000l\000t\000y\000.\000p\000y}{chapter.7}% 195
\BOOKMARK [1][-]{section.7.5}{\376\377\0007\000.\0005\000\040\000s\000r\000c\000/\000a\000g\000e\000n\000t\000/\000B\000a\000s\000e\000A\000g\000e\000n\000t\000.\000p\000y\000\040\000F\000i\000l\000e\000\040\000R\000e\000f\000e\000r\000e\000n\000c\000e}{chapter.7}% 196
\BOOKMARK [2][-]{subsection.7.5.1}{\376\377\0007\000.\0005\000.\0001\000\040\000D\000e\000t\000a\000i\000l\000e\000d\000\040\000D\000e\000s\000c\000r\000i\000p\000t\000i\000o\000n}{section.7.5}% 197
\BOOKMARK [1][-]{section.7.6}{\376\377\0007\000.\0006\000\040\000B\000a\000s\000e\000A\000g\000e\000n\000t\000.\000p\000y}{chapter.7}% 198
\BOOKMARK [1][-]{section.7.7}{\376\377\0007\000.\0007\000\040\000s\000r\000c\000/\000c\000o\000m\000m\000u\000n\000i\000c\000a\000t\000i\000o\000n\000/\000S\000e\000r\000v\000e\000r\000C\000o\000m\000m\000.\000p\000y\000\040\000F\000i\000l\000e\000\040\000R\000e\000f\000e\000r\000e\000n\000c\000e}{chapter.7}% 199
\BOOKMARK [2][-]{subsection.7.7.1}{\376\377\0007\000.\0007\000.\0001\000\040\000D\000e\000t\000a\000i\000l\000e\000d\000\040\000D\000e\000s\000c\000r\000i\000p\000t\000i\000o\000n}{section.7.7}% 200
\BOOKMARK [1][-]{section.7.8}{\376\377\0007\000.\0008\000\040\000S\000e\000r\000v\000e\000r\000C\000o\000m\000m\000.\000p\000y}{chapter.7}% 201
\BOOKMARK [1][-]{section.7.9}{\376\377\0007\000.\0009\000\040\000s\000r\000c\000/\000c\000p\000p\000/\000e\000n\000v\000i\000r\000o\000n\000m\000e\000n\000t\000/\000d\000e\000b\000u\000g\000.\000c\000c\000\040\000F\000i\000l\000e\000\040\000R\000e\000f\000e\000r\000e\000n\000c\000e}{chapter.7}% 202
\BOOKMARK [2][-]{subsection.7.9.1}{\376\377\0007\000.\0009\000.\0001\000\040\000F\000u\000n\000c\000t\000i\000o\000n\000\040\000D\000o\000c\000u\000m\000e\000n\000t\000a\000t\000i\000o\000n}{section.7.9}% 203
\BOOKMARK [3][-]{subsubsection.7.9.1.1}{\376\377\0007\000.\0009\000.\0001\000.\0001\000\040\000m\000a\000i\000n\000\050\000\051}{subsection.7.9.1}% 204
\BOOKMARK [2][-]{subsection.7.9.2}{\376\377\0007\000.\0009\000.\0002\000\040\000V\000a\000r\000i\000a\000b\000l\000e\000\040\000D\000o\000c\000u\000m\000e\000n\000t\000a\000t\000i\000o\000n}{section.7.9}% 205
\BOOKMARK [3][-]{subsubsection.7.9.2.1}{\376\377\0007\000.\0009\000.\0002\000.\0001\000\040\000e\000x\000a\000m\000p\000l\000e}{subsection.7.9.2}% 206
\BOOKMARK [3][-]{subsubsection.7.9.2.2}{\376\377\0007\000.\0009\000.\0002\000.\0002\000\040\000e\000x\000a\000m\000p\000l\000e\0001}{subsection.7.9.2}% 207
\BOOKMARK [3][-]{subsubsection.7.9.2.3}{\376\377\0007\000.\0009\000.\0002\000.\0003\000\040\000s\000i\000z\000e}{subsection.7.9.2}% 208
\BOOKMARK [3][-]{subsubsection.7.9.2.4}{\376\377\0007\000.\0009\000.\0002\000.\0004\000\040\000s\000i\000z\000e\0001}{subsection.7.9.2}% 209
\BOOKMARK [1][-]{section.7.10}{\376\377\0007\000.\0001\0000\000\040\000d\000e\000b\000u\000g\000.\000c\000c}{chapter.7}% 210
\BOOKMARK [1][-]{section.7.11}{\376\377\0007\000.\0001\0001\000\040\000s\000r\000c\000/\000c\000p\000p\000/\000l\000o\000g\000g\000e\000r\000/\000d\000e\000b\000u\000g\000.\000c\000c\000\040\000F\000i\000l\000e\000\040\000R\000e\000f\000e\000r\000e\000n\000c\000e}{chapter.7}% 211
\BOOKMARK [2][-]{subsection.7.11.1}{\376\377\0007\000.\0001\0001\000.\0001\000\040\000F\000u\000n\000c\000t\000i\000o\000n\000\040\000D\000o\000c\000u\000m\000e\000n\000t\000a\000t\000i\000o\000n}{section.7.11}% 212
\BOOKMARK [3][-]{subsubsection.7.11.1.1}{\376\377\0007\000.\0001\0001\000.\0001\000.\0001\000\040\000m\000a\000i\000n\000\050\000\051}{subsection.7.11.1}% 213
\BOOKMARK [3][-]{subsubsection.7.11.1.2}{\376\377\0007\000.\0001\0001\000.\0001\000.\0002\000\040\000t\000a\000r\000e\000f\000a\000P\000e\000s\000a\000d\000a\000\050\000\051}{subsection.7.11.1}% 214
\BOOKMARK [1][-]{section.7.12}{\376\377\0007\000.\0001\0002\000\040\000d\000e\000b\000u\000g\000.\000c\000c}{chapter.7}% 215
\BOOKMARK [1][-]{section.7.13}{\376\377\0007\000.\0001\0003\000\040\000s\000r\000c\000/\000c\000p\000p\000/\000e\000n\000v\000i\000r\000o\000n\000m\000e\000n\000t\000/\000E\000n\000v\000i\000r\000o\000n\000m\000e\000n\000t\000.\000h\000p\000p\000\040\000F\000i\000l\000e\000\040\000R\000e\000f\000e\000r\000e\000n\000c\000e}{chapter.7}% 216
\BOOKMARK [2][-]{subsection.7.13.1}{\376\377\0007\000.\0001\0003\000.\0001\000\040\000M\000a\000c\000r\000o\000\040\000D\000e\000f\000i\000n\000i\000t\000i\000o\000n\000\040\000D\000o\000c\000u\000m\000e\000n\000t\000a\000t\000i\000o\000n}{section.7.13}% 217
\BOOKMARK [3][-]{subsubsection.7.13.1.1}{\376\377\0007\000.\0001\0003\000.\0001\000.\0001\000\040\000F\000a\000l\000s\000e}{subsection.7.13.1}% 218
\BOOKMARK [3][-]{subsubsection.7.13.1.2}{\376\377\0007\000.\0001\0003\000.\0001\000.\0002\000\040\000T\000r\000u\000e}{subsection.7.13.1}% 219
\BOOKMARK [1][-]{section.7.14}{\376\377\0007\000.\0001\0004\000\040\000E\000n\000v\000i\000r\000o\000n\000m\000e\000n\000t\000.\000h\000p\000p}{chapter.7}% 220
\BOOKMARK [1][-]{section.7.15}{\376\377\0007\000.\0001\0005\000\040\000s\000r\000c\000/\000c\000p\000p\000/\000e\000n\000v\000i\000r\000o\000n\000m\000e\000n\000t\000/\000m\000o\000d\000u\000l\000e\000\137\000m\000a\000i\000n\000.\000c\000p\000p\000\040\000F\000i\000l\000e\000\040\000R\000e\000f\000e\000r\000e\000n\000c\000e}{chapter.7}% 221
\BOOKMARK [2][-]{subsection.7.15.1}{\376\377\0007\000.\0001\0005\000.\0001\000\040\000F\000u\000n\000c\000t\000i\000o\000n\000\040\000D\000o\000c\000u\000m\000e\000n\000t\000a\000t\000i\000o\000n}{section.7.15}% 222
\BOOKMARK [3][-]{subsubsection.7.15.1.1}{\376\377\0007\000.\0001\0005\000.\0001\000.\0001\000\040\000N\000B\000\137\000M\000O\000D\000U\000L\000E\000\050\000\051}{subsection.7.15.1}% 223
\BOOKMARK [1][-]{section.7.16}{\376\377\0007\000.\0001\0006\000\040\000m\000o\000d\000u\000l\000e\000\137\000m\000a\000i\000n\000.\000c\000p\000p}{chapter.7}% 224
\BOOKMARK [1][-]{section.7.17}{\376\377\0007\000.\0001\0007\000\040\000s\000r\000c\000/\000c\000p\000p\000/\000l\000o\000g\000g\000e\000r\000/\000m\000o\000d\000u\000l\000e\000\137\000m\000a\000i\000n\000.\000c\000p\000p\000\040\000F\000i\000l\000e\000\040\000R\000e\000f\000e\000r\000e\000n\000c\000e}{chapter.7}% 225
\BOOKMARK [2][-]{subsection.7.17.1}{\376\377\0007\000.\0001\0007\000.\0001\000\040\000F\000u\000n\000c\000t\000i\000o\000n\000\040\000D\000o\000c\000u\000m\000e\000n\000t\000a\000t\000i\000o\000n}{section.7.17}% 226
\BOOKMARK [3][-]{subsubsection.7.17.1.1}{\376\377\0007\000.\0001\0007\000.\0001\000.\0001\000\040\000N\000B\000\137\000M\000O\000D\000U\000L\000E\000\050\000\051}{subsection.7.17.1}% 227
\BOOKMARK [1][-]{section.7.18}{\376\377\0007\000.\0001\0008\000\040\000m\000o\000d\000u\000l\000e\000\137\000m\000a\000i\000n\000.\000c\000p\000p}{chapter.7}% 228
\BOOKMARK [1][-]{section.7.19}{\376\377\0007\000.\0001\0009\000\040\000s\000r\000c\000/\000c\000p\000p\000/\000l\000o\000g\000g\000e\000r\000/\000L\000o\000g\000g\000e\000r\000.\000h\000p\000p\000\040\000F\000i\000l\000e\000\040\000R\000e\000f\000e\000r\000e\000n\000c\000e}{chapter.7}% 229
\BOOKMARK [2][-]{subsection.7.19.1}{\376\377\0007\000.\0001\0009\000.\0001\000\040\000M\000a\000c\000r\000o\000\040\000D\000e\000f\000i\000n\000i\000t\000i\000o\000n\000\040\000D\000o\000c\000u\000m\000e\000n\000t\000a\000t\000i\000o\000n}{section.7.19}% 230
\BOOKMARK [3][-]{subsubsection.7.19.1.1}{\376\377\0007\000.\0001\0009\000.\0001\000.\0001\000\040\000F\000a\000l\000s\000e}{subsection.7.19.1}% 231
\BOOKMARK [3][-]{subsubsection.7.19.1.2}{\376\377\0007\000.\0001\0009\000.\0001\000.\0002\000\040\000T\000r\000u\000e}{subsection.7.19.1}% 232
\BOOKMARK [1][-]{section.7.20}{\376\377\0007\000.\0002\0000\000\040\000L\000o\000g\000g\000e\000r\000.\000h\000p\000p}{chapter.7}% 233
\BOOKMARK [1][-]{section.7.21}{\376\377\0007\000.\0002\0001\000\040\000s\000r\000c\000/\000r\000u\000n\000\137\000f\000u\000l\000l\000\137\000t\000e\000a\000m\000.\000p\000y\000\040\000F\000i\000l\000e\000\040\000R\000e\000f\000e\000r\000e\000n\000c\000e}{chapter.7}% 234
\BOOKMARK [1][-]{section.7.22}{\376\377\0007\000.\0002\0002\000\040\000r\000u\000n\000\137\000f\000u\000l\000l\000\137\000t\000e\000a\000m\000.\000p\000y}{chapter.7}% 235
\BOOKMARK [1][-]{section.7.23}{\376\377\0007\000.\0002\0003\000\040\000s\000r\000c\000/\000r\000u\000n\000\137\000p\000l\000a\000y\000e\000r\000.\000p\000y\000\040\000F\000i\000l\000e\000\040\000R\000e\000f\000e\000r\000e\000n\000c\000e}{chapter.7}% 236
\BOOKMARK [1][-]{section.7.24}{\376\377\0007\000.\0002\0004\000\040\000r\000u\000n\000\137\000p\000l\000a\000y\000e\000r\000.\000p\000y}{chapter.7}% 237
\BOOKMARK [1][-]{section.7.25}{\376\377\0007\000.\0002\0005\000\040\000s\000r\000c\000/\000t\000e\000r\000m\000/\000B\000o\000o\000t\000i\000n\000g\000.\000p\000y\000\040\000F\000i\000l\000e\000\040\000R\000e\000f\000e\000r\000e\000n\000c\000e}{chapter.7}% 238
\BOOKMARK [2][-]{subsection.7.25.1}{\376\377\0007\000.\0002\0005\000.\0001\000\040\000D\000e\000t\000a\000i\000l\000e\000d\000\040\000D\000e\000s\000c\000r\000i\000p\000t\000i\000o\000n}{section.7.25}% 239
\BOOKMARK [1][-]{section.7.26}{\376\377\0007\000.\0002\0006\000\040\000B\000o\000o\000t\000i\000n\000g\000.\000p\000y}{chapter.7}% 240
\BOOKMARK [1][-]{section.7.27}{\376\377\0007\000.\0002\0007\000\040\000s\000r\000c\000/\000t\000e\000r\000m\000/\000P\000r\000i\000n\000t\000i\000n\000g\000.\000p\000y\000\040\000F\000i\000l\000e\000\040\000R\000e\000f\000e\000r\000e\000n\000c\000e}{chapter.7}% 241
\BOOKMARK [2][-]{subsection.7.27.1}{\376\377\0007\000.\0002\0007\000.\0001\000\040\000D\000e\000t\000a\000i\000l\000e\000d\000\040\000D\000e\000s\000c\000r\000i\000p\000t\000i\000o\000n}{section.7.27}% 242
\BOOKMARK [1][-]{section.7.28}{\376\377\0007\000.\0002\0008\000\040\000P\000r\000i\000n\000t\000i\000n\000g\000.\000p\000y}{chapter.7}% 243
\BOOKMARK [1][-]{section.7.29}{\376\377\0007\000.\0002\0009\000\040\000s\000r\000c\000/\000u\000t\000i\000l\000s\000/\000R\000o\000b\000o\000t\000P\000o\000s\000i\000t\000i\000o\000n\000M\000a\000n\000a\000g\000e\000r\000.\000p\000y\000\040\000F\000i\000l\000e\000\040\000R\000e\000f\000e\000r\000e\000n\000c\000e}{chapter.7}% 244
\BOOKMARK [2][-]{subsection.7.29.1}{\376\377\0007\000.\0002\0009\000.\0001\000\040\000D\000e\000t\000a\000i\000l\000e\000d\000\040\000D\000e\000s\000c\000r\000i\000p\000t\000i\000o\000n}{section.7.29}% 245
\BOOKMARK [1][-]{section.7.30}{\376\377\0007\000.\0003\0000\000\040\000R\000o\000b\000o\000t\000P\000o\000s\000i\000t\000i\000o\000n\000M\000a\000n\000a\000g\000e\000r\000.\000p\000y}{chapter.7}% 246
\BOOKMARK [0][-]{section*.87}{\376\377\000I\000n\000d\000e\000x}{}% 247
